Iteration	Posterior	Likelihood	Prior	rate_log_sd	rate_loss	rate_neo	tree_length
0	-971.554	-1198.199	226.6453	1.227791	25.62911	0.1821146	1.087961
6	-980.348	-1207.407	227.0591	1.189564	20.64799	0.1634027	1.151869
12	-975.8852	-1202.675	226.7898	1.280684	15.98697	0.4254601	1.135406
18	-971.7959	-1198.768	226.9723	1.244238	16.6796	0.3729776	1.02676
24	-990.9666	-1218.338	227.3709	1.301037	10.01928	0.606366	1.011761
30	-993.2412	-1220.952	227.7104	1.214992	6.045229	0.7713339	1.273365
36	-989.2015	-1217.109	227.9071	1.214992	6.259763	0.7713339	1.056108
42	-986.0833	-1213.891	227.8073	1.47238	7.34213	0.4936655	1.055152
48	-974.7101	-1202.46	227.7498	1.47238	8.063507	0.5773841	0.822603
54	-967.9966	-1195.489	227.4927	1.087315	7.20177	0.5128242	1.617135
60	-968.4146	-1195.636	227.2214	1.08698	8.834527	0.5203714	1.580042
66	-974.8228	-1201.996	227.1737	0.9359607	11.06397	0.3494443	1.693953
72	-988.1984	-1214.893	226.6944	1.834375	18.2368	0.2929086	0.3666485
78	-985.251	-1212.932	227.6813	1.518337	11.93743	0.3139048	0.6396315
84	-972.3726	-1199.511	227.1387	1.240058	16.26746	0.3408904	0.9738481
90	-974.8199	-1202.019	227.1989	1.142412	16.26746	0.3069594	1.083628
96	-976.3004	-1202.753	226.4522	0.9164333	22.84766	0.154496	1.717091
102	-988.2056	-1215.74	227.5342	1.012633	9.486191	0.3708519	1.521087
108	-988.1175	-1215.27	227.1528	1.065424	9.486191	0.6057416	1.468094
114	-975.5694	-1202.561	226.9919	1.274662	21.15396	0.1793225	1.048748
120	-981.6811	-1209.465	227.7842	0.8669073	8.600495	0.4717888	1.414413
126	-976.7063	-1203.907	227.2002	1.156782	9.226334	0.6115754	1.388189
132	-980.4269	-1207.524	227.0969	1.781135	16.14886	0.2506473	0.5623986
138	-975.9839	-1203.357	227.3735	1.686186	13.72866	0.2506473	0.754483
144	-974.5354	-1201.844	227.3086	1.262759	11.48032	0.4627049	1.116689
150	-967.746	-1194.94	227.1941	1.384806	15.92434	0.2113568	1.123962
156	-975.6579	-1202.528	226.8701	1.435404	22.36312	0.2118	0.7880041
162	-969.5736	-1196.689	227.1159	1.157247	19.87323	0.2849118	0.849467
168	-967.0457	-1194.583	227.5375	1.337463	11.12323	0.4673165	0.849467
174	-979.164	-1206.729	227.5654	1.170814	9.501025	0.3392385	1.425798
180	-977.9547	-1205.56	227.6052	1.170814	7.672975	0.4919832	1.425798
186	-984.3189	-1210.906	226.5874	0.7665558	8.267428	0.5276944	2.287336
192	-980.9729	-1207.989	227.0164	0.7908815	8.903693	0.5276944	1.914801
198	-986.5806	-1213.927	227.3468	0.7809652	6.786366	0.5801672	1.921207
204	-986.2167	-1212.552	226.3357	0.8681658	18.12241	0.2306578	1.949078
210	-984.1665	-1210.545	226.379	0.7949544	15.54275	0.4047881	1.878733
216	-978.5411	-1205.408	226.8669	1.138812	16.38532	0.3200054	1.334695
222	-977.8168	-1204.868	227.0508	1.138812	12.02759	0.3200054	1.585551
228	-968.7881	-1195.938	227.1495	1.063091	12.87781	0.3584642	1.422924
234	-964.4728	-1191.894	227.4212	1.007833	12.6686	0.3578117	1.273143
240	-964.1683	-1192.066	227.8979	1.223379	6.368177	0.6954608	1.121973
246	-964.7017	-1192.321	227.6197	1.146015	10.42724	0.407424	1.170054
252	-971.561	-1198.988	227.4266	1.16747	11.84763	0.4316498	1.100244
258	-971.4263	-1198.999	227.5731	1.16747	10.94286	0.4214937	1.100244
264	-971.3254	-1198.925	227.5991	1.136511	9.763999	0.4952696	1.150446
270	-970.3767	-1197.46	227.0833	1.009337	17.06921	0.334878	1.177324
276	-971.3166	-1198.212	226.8954	0.895239	14.73805	0.2039301	1.840723
282	-980.0511	-1206.686	226.6353	0.9172957	26.38808	0.1588435	1.378004
288	-987.2277	-1213.567	226.339	1.008969	31.99961	0.2326607	1.05874
294	-982.2883	-1208.978	226.6897	0.8753674	18.83742	0.2494017	1.616296
300	-981.5921	-1208.984	227.3918	1.103283	9.936499	0.3756838	1.498053
306	-977.9117	-1205.636	227.7245	1.24577	9.993188	0.3542568	1.142464
312	-973.0569	-1200.353	227.2962	1.103806	8.980431	0.7302644	1.2591
318	-962.3647	-1189.308	226.9437	0.9755751	12.4756	0.39477	1.625676
324	-973.0278	-1200.199	227.1717	1.218946	12.4756	0.4178783	1.227435
330	-975.7806	-1203.228	227.447	1.304606	14.76016	0.272736	0.9184949
336	-973.4922	-1200.602	227.1094	1.162234	15.0642	0.3254343	1.22296
342	-977.0054	-1203.651	226.6459	1.064668	21.80096	0.2962896	1.214607
348	-981.1852	-1208.933	227.7474	0.9366819	11.24497	0.3617175	1.214607
354	-971.2851	-1199.089	227.8044	1.163591	9.573581	0.3617175	1.189877
360	-970.7104	-1198.221	227.5103	1.163591	13.49677	0.3617175	0.9463051
366	-978.5057	-1205.941	227.4352	1.037977	11.71059	0.2876047	1.462478
372	-986.3142	-1213.763	227.4489	1.171686	14.40522	0.3034875	1.019944
378	-978.3392	-1205.322	226.9827	1.001172	15.45954	0.3687644	1.347741
384	-985.4578	-1212.54	227.0819	0.8276175	15.45954	0.3530999	1.431034
390	-977.3261	-1204.929	227.6025	1.109614	10.03332	0.4506793	1.200326
396	-981.8683	-1209.524	227.6554	0.8366472	8.519028	0.4171453	1.617317
402	-995.6191	-1221.881	226.2614	0.8190994	11.6445	0.4407502	2.211887
408	-974.4245	-1202.065	227.6409	1.027357	8.390742	0.5717356	1.303699
414	-978.9325	-1206.385	227.4527	0.879852	8.390742	0.5603203	1.574628
420	-976.0818	-1203.306	227.2247	0.879852	8.063327	0.6155458	1.723359
426	-976.9153	-1203.891	226.9761	0.7995782	9.910499	0.4388521	1.925027
432	-981.7052	-1208.653	226.9476	0.7168738	9.793292	0.4388521	2.012086
438	-982.0266	-1209.474	227.4473	0.9812274	8.712412	0.5382989	1.485689
444	-971.9306	-1198.555	226.6241	1.055739	14.50681	0.3076062	1.749521
450	-964.7994	-1191.531	226.732	0.7252035	16.84108	0.2984516	1.743946
456	-966.2432	-1193.395	227.1516	0.8659512	12.18013	0.4662975	1.485156
462	-969.6064	-1196.301	226.6943	0.7042717	13.1203	0.4662975	1.841417
468	-968.6194	-1195.498	226.8784	0.7192664	14.27901	0.297208	1.841417
474	-970.9984	-1197.349	226.3502	0.8625377	17.16628	0.297208	1.892069
480	-977.2085	-1204.117	226.9082	0.7822507	10.02058	0.4516891	1.955244
486	-975.6232	-1202.358	226.7344	0.7859009	16.45638	0.2888426	1.743209
492	-969.3042	-1196.3	226.9956	0.8746219	22.68776	0.2442309	1.126694
498	-962.9789	-1189.755	226.7757	1.027009	26.5254	0.1713586	1.126694
504	-973.044	-1199.843	226.7985	0.8573626	11.97667	0.2340841	2.102696
510	-963.4066	-1190.178	226.7718	0.7634914	16.31952	0.3859315	1.592458
516	-959.3082	-1186.416	227.1078	1.157969	17.90415	0.2754686	1.071034
522	-965.1177	-1191.724	226.6067	0.9778199	25.17354	0.2084288	1.296096
528	-968.0456	-1194.203	226.1577	0.9888171	37.66439	0.1538605	1.181098
534	-966.0755	-1192.717	226.6419	1.031639	15.75773	0.2715265	1.716791
540	-967.5483	-1194.82	227.272	0.916246	13.01039	0.3268518	1.480166
546	-972.1864	-1199.35	227.164	0.8469133	13.91283	0.2981699	1.578092
552	-978.6015	-1205.539	226.9376	0.6940364	8.769655	0.413633	2.177113
558	-981.0393	-1208.378	227.3388	0.7464061	9.396135	0.3786093	1.849147
564	-969.0519	-1196.128	227.0756	0.9823182	16.17782	0.3173772	1.314863
570	-974.551	-1201.811	227.2596	0.9602847	12.66596	0.3998905	1.373868
576	-972.9248	-1200.58	227.6553	1.117376	9.755898	0.4585123	1.17416
582	-972.8499	-1200.674	227.8237	1.22272	9.755898	0.4458217	0.9342605
588	-967.7578	-1195.144	227.3865	1.085482	11.56397	0.3909887	1.304465
594	-979.0222	-1206.302	227.28	0.8582624	10.71376	0.4444629	1.577439
600	-973.2225	-1200.426	227.2033	0.7942625	10.71376	0.321837	1.849514
606	-979.3016	-1206.567	227.2652	0.9219119	7.45925	0.3458872	2.063532
612	-970.4707	-1198.309	227.8384	1.022097	10.15727	0.3776351	1.174349
618	-986.3456	-1213.623	227.2773	1.101403	11.65801	0.4950287	1.215488
624	-983.0185	-1209.927	226.9086	0.8885292	12.23982	0.4950287	1.60614
630	-977.8927	-1204.849	226.9561	1.024123	15.64716	0.2346944	1.573688
636	-974.9242	-1202.022	227.0983	1.024123	18.15605	0.1915424	1.367842
642	-968.7284	-1195.581	226.853	1.021018	17.33688	0.2563167	1.480482
648	-961.1662	-1188.163	226.9966	1.000973	17.33688	0.2563167	1.3856
654	-964.5994	-1191.505	226.9054	0.9920844	19.48544	0.220698	1.381001
660	-972.4604	-1199.182	226.7218	1.33472	25.01743	0.1978899	0.8977321
666	-969.6443	-1196.488	226.8436	1.33472	23.58026	0.1543795	1.027526
672	-970.984	-1197.683	226.6991	1.445177	25.04036	0.131698	1.034836
678	-974.3276	-1200.845	226.5172	1.190087	26.49067	0.1366778	1.311625
684	-966.9727	-1193.414	226.4414	1.068676	26.49067	0.2694825	1.141266
690	-960.7885	-1187.773	226.9845	0.9712937	19.34644	0.2492218	1.282246
696	-963.6515	-1190.621	226.9693	1.068343	19.34644	0.2868035	1.131941
702	-962.8964	-1190.075	227.1788	1.03786	16.1804	0.2799512	1.25641
708	-967.6482	-1194.771	227.1226	1.162276	18.17576	0.3115764	0.9411642
714	-973.5338	-1200.371	226.8376	1.162276	19.28043	0.2305537	1.291979
720	-969.707	-1196.978	227.2707	1.124529	14.67838	0.189013	1.442371
726	-967.7116	-1194.052	226.3405	0.9077947	19.76616	0.2528619	1.775207
732	-968.0676	-1195.033	226.9653	0.9419665	11.69415	0.3483059	1.775207
738	-965.6291	-1192.438	226.8091	0.9698334	12.98181	0.3626948	1.72504
744	-968.126	-1194.654	226.5281	0.9634	19.42246	0.3765954	1.414823
750	-968.2069	-1195.066	226.8588	0.7506602	15.27315	0.3753421	1.635092
756	-974.2248	-1201.329	227.1046	0.9429822	16.11081	0.4714925	1.069251
762	-979.4054	-1206.945	227.5391	0.9457848	6.417398	0.5660012	1.746853
768	-978.5441	-1205.685	227.1408	1.058697	6.69003	0.8377798	1.653856
774	-971.003	-1197.559	226.5565	1.346188	19.42645	0.5052272	0.8197189
780	-966.7056	-1193.256	226.5505	1.22062	25.95042	0.2967177	0.8481254
786	-972.6072	-1199.252	226.6452	1.100907	27.16993	0.2394697	0.9443288
792	-974.7173	-1201.408	226.6903	1.040042	26.5517	0.2277034	1.035105
798	-978.4386	-1205.105	226.666	1.270548	25.87992	0.1944808	0.9718764
804	-975.7312	-1202.412	226.6806	1.074412	21.35683	0.3314747	1.138292
810	-980.4013	-1207.503	227.1015	1.232608	19.05777	0.2817964	0.8728351
816	-972.9087	-1199.525	226.6164	1.233361	21.62984	0.3474666	0.9955085
822	-971.6147	-1198.797	227.182	1.233361	15.09759	0.3736193	0.9955085
828	-979.2396	-1206.517	227.2779	1.249958	14.84829	0.3366305	0.9881218
834	-973.5062	-1200.685	227.1783	1.249958	14.84829	0.4049799	0.9475037
840	-975.6484	-1202.691	227.0423	1.149578	20.82653	0.2746665	0.8781225
846	-973.1991	-1199.667	226.4675	1.149578	34.02764	0.1246282	1.023878
852	-969.4968	-1196.371	226.8742	1.0408	20.6056	0.1460963	1.47352
858	-964.5807	-1191.098	226.5169	1.037469	17.1767	0.4208472	1.463647
864	-963.4359	-1190.12	226.684	1.124219	21.43129	0.3189284	1.109849
870	-966.7555	-1193.501	226.7458	1.212179	21.2412	0.1827038	1.302415
876	-968.2508	-1195.436	227.185	1.215275	17.46886	0.163165	1.270696
882	-966.8903	-1194.546	227.6557	1.209976	13.09104	0.2180411	1.142554
888	-967.5793	-1194.836	227.2566	1.320235	15.8924	0.2952257	0.9143558
894	-986.6569	-1214.344	227.6869	1.033514	8.24127	0.4141295	1.490572
900	-973.6404	-1200.711	227.0709	1.48741	19.31802	0.2056962	0.8175984
906	-975.2014	-1202.505	227.3038	1.48741	15.24594	0.2693359	0.8175984
912	-975.633	-1203.31	227.6773	1.385127	9.284566	0.5230287	0.8557311
918	-974.8715	-1201.824	226.9529	1.385127	14.55642	0.5230287	0.8545126
924	-967.4366	-1194.865	227.4286	1.408786	11.14505	0.4769365	0.870921
930	-968.8933	-1195.972	227.0787	1.428169	14.518	0.4769365	0.7352512
936	-965.1341	-1192.265	227.1314	1.376778	14.518	0.4636956	0.7674528
942	-980.4701	-1207.999	227.529	1.023259	9.894732	0.5320707	1.238766
948	-975.1142	-1202.493	227.3785	1.201238	10.71587	0.5595191	1.065019
954	-988.5687	-1215.444	226.8751	1.190507	18.11032	0.533208	0.6912412
960	-974.8377	-1201.782	226.9446	1.326625	18.43646	0.3235813	0.8996705
966	-971.0706	-1198.148	227.0774	1.019979	14.89513	0.3224382	1.385189
972	-970.5435	-1197.592	227.0489	1.019979	14.89513	0.4211694	1.246404
978	-976.7194	-1203.172	226.453	1.042594	27.05302	0.2435283	1.179094
984	-986.0713	-1212.641	226.5692	1.023428	21.49783	0.1906711	1.548644
990	-980.7226	-1207.531	226.8081	0.8926736	12.61657	0.2666976	1.96024
996	-984.6082	-1211.291	226.6826	0.9167051	13.42089	0.2666976	1.96024
1002	-985.1926	-1212.645	227.4519	1.118842	11.89399	0.2666976	1.407574
1008	-974.6105	-1201.415	226.8045	1.080971	15.89931	0.3860589	1.360726
1014	-967.7759	-1195.083	227.3068	1.008659	9.141834	0.4942371	1.567381
1020	-967.6064	-1194.692	227.0861	1.008659	11.55932	0.4942371	1.45485
1026	-965.7145	-1193.069	227.3545	1.025664	12.00144	0.5115824	1.149926
1032	-968.5821	-1196.159	227.5772	1.313768	11.75201	0.3745128	0.9280555
1038	-971.878	-1199.742	227.8635	1.368731	8.650256	0.4252549	0.9747483
1044	-995.3442	-1222.265	226.9209	1.017482	17.49582	0.4234538	1.119322
1050	-983.1556	-1210.119	226.9631	1.136026	14.36772	0.5096431	1.139587
1056	-976.4739	-1203.743	227.2693	0.9415272	14.5439	0.3333367	1.307595
1062	-973.3853	-1200.314	226.9284	0.9320917	15.65278	0.4208755	1.34855
1068	-979.0621	-1206.28	227.2177	1.079207	17.807	0.281416	1.036443
1074	-981.4295	-1208.372	226.9427	1.146452	15.53796	0.5431105	0.9734827
1080	-985.1585	-1212.15	226.9915	1.103269	15.53796	0.4361441	1.139244
1086	-984.7278	-1211.37	226.6421	1.007797	17.83613	0.4173058	1.344336
1092	-980.5788	-1207.035	226.456	1.104436	26.24586	0.3818053	0.8561257
1098	-973.2351	-1200.29	227.0544	1.104436	15.92874	0.3369616	1.217513
1104	-971.7565	-1198.7	226.9435	1.118098	19.94144	0.1822822	1.309311
1110	-976.2795	-1203.294	227.0147	1.111874	21.26404	0.2764352	0.9058185
1116	-980.8913	-1207.553	226.6613	0.9215408	21.26404	0.2735715	1.398288
1122	-981.6897	-1208.274	226.5847	1.039915	15.45984	0.3230778	1.688647
1128	-987.4192	-1214.802	227.3824	0.9666724	11.65708	0.3230778	1.499963
1134	-972.0194	-1199.112	227.0921	1.065094	9.974218	0.3110056	1.834415
1140	-971.7984	-1199.162	227.364	1.079891	9.729512	0.5439695	1.333785
1146	-974.371	-1201.843	227.4724	1.017886	9.585144	0.5556035	1.300819
1152	-977.355	-1205.029	227.6745	1.179931	8.220719	0.5401675	1.215472
1158	-972.5726	-1200.635	228.0623	1.078256	6.64696	0.5892498	1.179525
1164	-972.2989	-1199.21	226.911	1.078256	16.11544	0.3578349	1.30508
1170	-969.0002	-1196.595	227.5949	1.509763	10.67075	0.4114529	0.7677458
1176	-972.5551	-1199.567	227.0115	1.527348	15.16079	0.4002829	0.7855052
1182	-977.0059	-1204.191	227.1849	1.42559	15.81402	0.2921301	0.8941852
1188	-974.5196	-1201.355	226.8351	1.251478	18.07719	0.3111763	1.142309
1194	-980.4285	-1207.045	226.6164	1.307757	22.07727	0.1825424	1.274644
1200	-971.4355	-1198.469	227.0334	1.216293	15.04895	0.1592696	1.591622
1206	-975.7293	-1203.163	227.4341	1.254332	14.51262	0.2238228	1.133795
1212	-976.4761	-1203.557	227.081	1.323595	13.8241	0.1642619	1.569538
1218	-967.7654	-1194.62	226.8545	1.219108	21.56179	0.1658985	1.229843
1224	-972.8567	-1199.371	226.5144	1.493959	23.57243	0.2462926	0.9188057
1230	-986.7071	-1214.44	227.733	1.592001	12.26214	0.2142398	0.7824651
1236	-984.6837	-1211.266	226.5825	1.393545	22.41696	0.1773938	1.222358
1242	-978.174	-1204.94	226.7663	1.3828	22.41696	0.2232425	0.9313445
1248	-979.4368	-1206.106	226.6689	1.3828	25.43756	0.232683	0.7358848
1254	-983.3701	-1209.727	226.3573	1.359228	31.86928	0.1909784	0.7958955
1260	-978.332	-1204.64	226.3084	1.359228	34.35594	0.163811	0.7891282
1266	-968.3082	-1194.993	226.6853	1.601438	23.5062	0.2279896	0.5529089
1272	-976.1345	-1203.012	226.8779	1.601438	22.18045	0.1758807	0.7131552
1278	-969.5495	-1195.985	226.4351	1.529949	28.91802	0.2092361	0.5456742
1284	-956.9877	-1183.615	226.6276	1.572412	24.98567	0.1987889	0.7047985
1290	-969.8552	-1195.896	226.0407	1.270051	43.22337	0.1559546	0.7047985
1296	-959.4546	-1185.824	226.3696	1.374298	34.86833	0.1511322	0.6956125
1302	-980.7353	-1208.312	227.5766	1.280522	9.463908	0.4796485	1.108816
1308	-982.9556	-1210.43	227.4743	1.195951	8.569695	0.4606802	1.418769
1314	-982.1031	-1208.026	225.9226	1.188445	37.27865	0.1470224	1.248263
1320	-982.8935	-1210.539	227.6459	1.258902	8.909	0.5582319	1.033328
1326	-993.2107	-1220.69	227.4795	1.100581	8.521853	0.733578	1.171193
1332	-977.9513	-1204.435	226.4834	1.381058	32.77534	0.137717	0.7652004
1338	-971.1755	-1197.34	226.1641	1.166988	39.78863	0.1839814	0.778044
1344	-964.0022	-1190.886	226.8842	1.303703	24.32531	0.2029868	0.7783997
1350	-972.0122	-1197.982	225.9698	1.372138	30.72225	0.4223399	0.6224135
1356	-971.0148	-1197.885	226.8703	1.428337	20.43017	0.2805776	0.766238
1362	-976.3616	-1203.557	227.1955	1.484959	17.54173	0.2279223	0.7928573
1368	-976.907	-1204.55	227.6429	1.438719	11.9852	0.2686924	0.943415
1374	-971.6184	-1198.979	227.361	1.147008	11.9852	0.352593	1.291376
1380	-966.2524	-1193.612	227.3598	1.036553	13.14003	0.2285361	1.493283
1386	-971.127	-1197.95	226.8232	0.9895986	18.41997	0.233654	1.493283
1392	-972.471	-1199.771	227.2997	0.8386043	12.71271	0.4869405	1.309194
1398	-969.1307	-1196.12	226.9892	0.7697615	17.28323	0.3594765	1.390688
1404	-960.4284	-1187.616	227.1876	1.177638	9.996274	0.3594765	1.611195
1410	-968.1764	-1195.534	227.3576	1.046703	9.452091	0.3733125	1.626045
1416	-967.2242	-1194.646	227.4217	1.117172	10.3512	0.4598777	1.290311
1422	-970.4874	-1197.544	227.0567	1.041585	9.985729	0.4856823	1.635295
1428	-967.4424	-1194.844	227.4015	1.041585	9.811477	0.670158	1.171655
1434	-967.0685	-1194.221	227.1527	1.179564	13.43235	0.4937395	1.051959
1440	-978.5675	-1205.938	227.3706	1.041812	13.43235	0.2651849	1.379012
1446	-972.4735	-1199.292	226.8184	0.9876291	22.05948	0.2095835	1.30545
1452	-970.3823	-1197.208	226.826	1.006338	22.037	0.2150517	1.27255
1458	-971.2908	-1198.219	226.9278	1.178712	19.18673	0.290976	1.072957
1464	-974.6479	-1201.575	226.9271	1.302794	19.54618	0.2591744	0.9981728
1470	-966.6866	-1193.383	226.6967	1.426551	22.95594	0.1656282	1.089085
1476	-963.6387	-1190.531	226.8919	1.213261	17.34808	0.1539822	1.533983
1482	-976.2073	-1204.062	227.8551	1.213854	7.338226	0.4163354	1.353951
1488	-976.8955	-1204.746	227.8504	1.272277	6.989934	0.4264526	1.353951
1494	-974.2947	-1200.984	226.689	1.276639	23.91604	0.1640987	1.169352
1500	-987.5071	-1214.831	227.3241	1.127637	13.91191	0.3137594	1.204904
1506	-979.4868	-1206.612	227.1256	1.316853	15.60976	0.2714859	1.132263
1512	-962.8011	-1189.878	227.0766	0.9730305	11.33525	0.443554	1.577426
1518	-971.7542	-1198.87	227.1155	1.212197	11.99548	0.5059105	1.204273
1524	-978.0317	-1204.884	226.8525	0.8876797	12.48384	0.4662996	1.659207
1530	-983.5242	-1210.302	226.7779	0.8579996	16.0965	0.3435456	1.599494
1536	-987.1662	-1214.053	226.887	0.8579996	17.56406	0.3201268	1.445477
1542	-999.6544	-1227.046	227.3918	1.387322	15.07712	0.2423239	0.9347857
1548	-994.0831	-1221.095	227.0119	1.253453	16.4244	0.4074086	0.9347857
1554	-997.061	-1223.581	226.5202	1.132122	22.86906	0.2793295	1.226364
1560	-991.2103	-1217.919	226.7086	1.094298	22.86906	0.2107807	1.252566
1566	-987.3648	-1214.729	227.364	1.051298	13.03416	0.4359561	1.114223
1572	-987.3017	-1214.346	227.0446	1.025798	13.99929	0.2527409	1.608831
1578	-981.9874	-1208.836	226.8486	0.8699298	14.72352	0.369779	1.608831
1584	-972.6249	-1199.838	227.2127	0.9455881	12.01661	0.5527483	1.281343
1590	-977.4574	-1204.149	226.6911	0.9455881	14.66138	0.4127323	1.61234
1596	-975.4959	-1202.012	226.5164	0.8880373	22.30836	0.2562174	1.503048
1602	-981.5755	-1208.963	227.3875	1.08523	9.619852	0.5946087	1.262597
1608	-983.4739	-1211.016	227.5421	1.163401	9.619852	0.4842958	1.212734
1614	-981.5049	-1208.071	226.5661	0.8891272	22.05268	0.2436009	1.505008
1620	-985.939	-1212.749	226.8101	1.08188	14.38236	0.3795406	1.495262
1626	-985.7894	-1213.161	227.3714	1.101302	10.0454	0.3278134	1.576486
1632	-978.448	-1205.6	227.1521	1.076939	14.55273	0.3382681	1.283188
1638	-994.3839	-1221.499	227.115	1.38956	17.1145	0.2531372	0.967911
1644	-980.3464	-1207.101	226.7549	0.8069203	14.87688	0.28975	1.831114
1650	-976.0806	-1203.071	226.9903	1.057291	12.3117	0.3697235	1.584237
1656	-975.4479	-1202.382	226.9345	0.7217197	16.07699	0.3448051	1.584237
1662	-991.1966	-1217.672	226.4756	0.8541412	17.95982	0.1932897	1.947552
1668	-990.8272	-1217.676	226.8488	0.8244567	15.49266	0.25818	1.760696
1674	-991.6652	-1218.825	227.1598	0.8486208	10.92256	0.4447349	1.648855
1680	-985.2846	-1212.494	227.2095	0.8221859	11.2464	0.4447349	1.598198
1686	-982.9116	-1210.565	227.6537	0.9833203	9.346143	0.4542846	1.348498
1692	-980.5487	-1207.296	226.7469	0.832841	9.346143	0.3206165	2.269776
1698	-991.3158	-1218.511	227.1956	0.858123	6.163049	0.8505305	1.830288
1704	-981.6144	-1208.982	227.3677	1.096026	14.00193	0.3462369	1.12266
1710	-983.3012	-1210.635	227.3335	1.318965	8.250544	0.6798875	1.211331
1716	-987.9463	-1215.775	227.8291	1.342544	8.394034	0.4603609	1.018505
1722	-994.2512	-1221.674	227.4225	1.324547	11.00845	0.4139756	1.098447
1728	-986.2481	-1213.548	227.2997	1.367688	11.00845	0.48568	1.05353
1734	-972.223	-1199.436	227.2132	1.509367	12.11611	0.5318567	0.7219743
1740	-964.23	-1191.546	227.3162	1.396035	12.60246	0.5129538	0.681158
1746	-974.4566	-1201.974	227.5174	1.552185	12.26066	0.3652073	0.5709494
1752	-964.8442	-1191.859	227.0145	1.552185	16.67556	0.3638951	0.5382691
1758	-953.3538	-1180.641	227.2877	1.513136	13.51451	0.3638951	0.7880507
1764	-958.4155	-1185.289	226.8739	1.10367	16.99033	0.4322187	1.114665
1770	-972.4477	-1200.189	227.7417	1.317239	10.84729	0.4348968	0.7318872
1776	-974.6373	-1201.303	226.6658	0.9101762	18.95207	0.3797152	1.377312
1782	-984.4829	-1212.13	227.6471	1.225244	9.554713	0.3934555	1.219885
1788	-974.3401	-1201.97	227.63	1.213926	8.057939	0.6123416	1.157503
1794	-973.9681	-1201.158	227.1901	0.9732399	13.71462	0.2405102	1.589406
1800	-973.6909	-1200.538	226.8466	1.014656	19.0424	0.3033458	1.27322
1806	-982.0666	-1209.522	227.4558	1.117996	12.91002	0.2783186	1.275723
1812	-981.3741	-1208.708	227.3343	1.117996	12.48203	0.2839444	1.4057
1818	-978.1259	-1205.12	226.9941	1.020479	12.57584	0.3913399	1.551482
1824	-978.4336	-1205.09	226.6569	0.8214242	20.38918	0.2581678	1.562315
1830	-962.4672	-1189.908	227.4405	1.040644	6.564409	0.8388801	1.466066
1836	-967.4672	-1194.963	227.4963	1.120692	7.810711	0.6200502	1.375319
1842	-961.3003	-1188.327	227.0266	0.9891838	14.44948	0.3720252	1.40635
1848	-973.5333	-1200.612	227.0791	1.012404	11.68746	0.3720252	1.610318
1854	-957.3943	-1184.525	227.1307	0.9174284	12.88412	0.3317685	1.588037
1860	-962.1886	-1189.44	227.2511	1.211459	13.03545	0.4341706	1.073547
1866	-968.5176	-1196.222	227.7044	1.354454	9.046292	0.3804824	1.154435
1872	-968.9913	-1196.048	227.0569	1.124749	15.28941	0.3566903	1.221345
1878	-982.1001	-1209.557	227.4566	1.124749	12.72377	0.3566903	1.138856
1884	-981.2924	-1208.546	227.2536	1.500177	15.02581	0.3398269	0.6599292
1890	-978.536	-1205.76	227.2239	1.705529	14.72143	0.2942656	0.5429559
1896	-976.6496	-1203.302	226.6524	1.90649	15.62251	0.404396	0.3702717
1902	-967.5442	-1194.793	227.2488	1.59793	13.20092	0.404396	0.6412172
1908	-974.7381	-1201.976	227.2384	1.456832	12.40392	0.4853406	0.8155265
1914	-984.1892	-1211.248	227.0593	0.8508604	11.45133	0.3269055	1.828615
1920	-976.9856	-1204.047	227.061	1.287364	13.73516	0.5782291	0.855477
1926	-974.6966	-1200.903	226.2063	1.430877	24.5755	0.4750358	0.6649764
1932	-969.0992	-1196.177	227.0773	1.376414	17.6874	0.3217635	0.765305
1938	-973.5296	-1200.489	226.9598	1.350635	19.83591	0.2506519	0.9096321
1944	-975.4282	-1202.856	227.4281	1.101357	6.88004	0.7205986	1.484847
1950	-964.3843	-1192.06	227.6761	0.8726911	7.504551	0.5223728	1.583788
1956	-971.6363	-1198.446	226.8097	0.9571039	11.46603	0.468967	1.734806
1962	-978.0213	-1205.068	227.0467	1.058395	16.01618	0.3018905	1.319091
1968	-974.9674	-1202.125	227.1574	1.151286	12.62277	0.2736675	1.520013
1974	-963.7185	-1190.328	226.6094	1.075049	20.24502	0.3367663	1.269284
1980	-968.4578	-1195.162	226.7039	0.929064	12.35318	0.3110042	1.957749
1986	-968.7255	-1195.612	226.8862	0.7112144	13.02936	0.3110042	1.923007
1992	-971.9018	-1198.88	226.9783	0.8847868	6.539919	0.5957355	2.118132
1998	-976.421	-1203.701	227.2797	0.8231176	6.539919	0.7985014	1.777836
2004	-977.7891	-1204.94	227.1508	0.628905	9.319337	0.4014247	2.033432
2010	-992.3047	-1219.42	227.1155	0.4812188	13.11317	0.4101274	1.775448
2016	-982.9508	-1210.419	227.4678	0.9689763	8.653992	0.3918867	1.67434
2022	-969.1045	-1196.196	227.0911	0.7609238	15.99719	0.3436263	1.44621
2028	-977.8561	-1204.641	226.7852	0.9118319	15.99719	0.365675	1.528249
2034	-988.7189	-1215.804	227.0853	1.057833	11.39114	0.5489925	1.367537
2040	-972.8958	-1199.643	226.7472	1.004462	20.12298	0.2163887	1.459594
2046	-970.5668	-1197.747	227.1805	1.266534	15.96967	0.2269363	1.196815
2052	-970.6486	-1197.831	227.1823	1.08815	10.43835	0.4615531	1.487578
2058	-962.028	-1189.225	227.1969	1.071516	10.37858	0.3845285	1.60167
2064	-961.9165	-1189.139	227.223	0.99031	11.84136	0.4838063	1.345993
2070	-957.0425	-1184.1	227.0573	0.9670555	12.83137	0.3973849	1.511025
2076	-959.091	-1185.961	226.8695	1.264349	19.87958	0.3181518	0.9202073
2082	-977.1117	-1204.883	227.771	1.39656	8.957447	0.4778172	0.8854291
2088	-985.8673	-1213.821	227.9536	1.275908	8.158179	0.4355967	1.047476
2094	-991.5129	-1218.324	226.8108	1.607632	19.42798	0.3118806	0.5067278
2100	-980.0102	-1207.302	227.292	1.660057	12.52297	0.3835151	0.6854212
2106	-974.3871	-1201.507	227.1195	1.660057	12.52297	0.4676404	0.7146391
2112	-971.8143	-1198.952	227.1378	1.133891	15.42083	0.3761916	1.094213
2118	-972.9941	-1200.612	227.6178	1.133891	13.80454	0.28467	1.004187
2124	-977.3144	-1204.559	227.2446	1.205488	12.6726	0.3969535	1.188868
2130	-975.7238	-1202.853	227.1292	1.205488	14.48475	0.40174	1.086585
2136	-973.567	-1201.336	227.7686	1.443203	11.75597	0.2707153	0.8234289
2142	-979.0996	-1206.804	227.7043	1.385829	9.676767	0.4042538	0.9823585
2148	-973.2807	-1200.182	226.9012	1.515433	17.64686	0.3609543	0.697276
2154	-973.5729	-1200.777	227.2038	1.048899	11.5121	0.4993929	1.330044
2160	-977.3376	-1204.006	226.6687	1.354757	23.86536	0.3004567	0.6897615
2166	-981.5846	-1208.314	226.7289	1.354757	22.03762	0.3357053	0.6947082
2172	-986.9209	-1214.149	227.2281	0.8822439	8.978926	0.6562977	1.559586
2178	-998.5111	-1226.01	227.4992	1.145951	7.721305	0.4469266	1.57527
2184	-997.4032	-1225.073	227.6701	1.202038	6.05327	0.4469266	1.671593
2190	-988.4195	-1216.246	227.8264	0.9591467	7.976051	0.4831324	1.384389
2196	-999.9847	-1227.326	227.3417	0.9623502	6.457398	0.6271711	1.804229
2202	-987.8021	-1215.142	227.34	0.7993966	4.810857	0.6464062	2.177559
2208	-980.1876	-1207.932	227.7442	0.7964392	4.146657	0.6948031	2.005375
2214	-975.6576	-1203.016	227.3581	0.7933624	5.927806	0.6134763	2.005375
2220	-983.792	-1210.762	226.9698	0.8320885	6.906788	0.6984475	2.011929
2226	-990.6847	-1218.211	227.526	0.8104446	5.973739	0.6984475	1.793463
2232	-983.5925	-1210.725	227.132	1.513159	18.21299	0.2504819	0.6435074
2238	-968.1519	-1195.146	226.9936	1.513159	18.63705	0.290061	0.6435074
2244	-983.2371	-1210.255	227.0181	1.216424	18.90097	0.2498068	1.073499
2250	-966.5074	-1193.305	226.7975	1.001285	19.87653	0.2136502	1.44611
2256	-971.8451	-1198.844	226.9988	1.008912	15.22457	0.2764685	1.50769
2262	-976.8538	-1203.879	227.0249	0.9419771	13.49443	0.3878224	1.506055
2268	-991.5839	-1218.563	226.9788	1.079432	15.39679	0.2499075	1.506055
2274	-992.5441	-1219.557	227.0131	1.238913	19.82433	0.2221086	1.049492
2280	-987.4234	-1215.058	227.6348	1.296382	12.18394	0.2090484	1.210112
2286	-987.2643	-1214.784	227.5201	1.113229	12.47088	0.2803999	1.269108
2292	-985.8515	-1212.586	226.7345	1.004392	21.10324	0.2812045	1.269108
2298	-969.2789	-1196.236	226.957	0.8874051	20.58168	0.2279295	1.331267
2304	-970.5358	-1197.381	226.8455	0.9774851	20.58168	0.2340572	1.334931
2310	-974.5861	-1201.418	226.8322	1.189032	18.9463	0.2626029	1.229418
2316	-974.4575	-1201.433	226.9751	1.189032	20.50867	0.2349437	1.042741
2322	-977.5728	-1204.971	227.3984	1.030456	13.07718	0.4238223	1.117218
2328	-975.2913	-1202.998	227.7063	1.054094	11.83386	0.3392044	1.117218
2334	-974.2874	-1201.725	227.438	1.149382	12.03071	0.2457033	1.422249
2340	-969.6233	-1196.596	226.9723	1.341882	18.7705	0.2732101	0.9475535
2346	-970.8432	-1198.382	227.5385	1.341882	14.335	0.198188	1.043935
2352	-970.8281	-1197.792	226.964	0.9796917	17.46764	0.3380934	1.264138
2358	-970.4058	-1197.604	227.198	1.06344	13.63086	0.3716077	1.288721
2364	-978.7612	-1205.811	227.05	0.7416781	11.7713	0.3582929	1.833368
2370	-975.6605	-1202.217	226.5562	0.8900581	9.685403	0.3237187	2.315068
2376	-974.5438	-1201.141	226.5973	0.8307365	9.685403	0.3406419	2.303134
2382	-970.2416	-1197.33	227.0887	0.7912479	14.47693	0.286426	1.645315
2388	-962.2596	-1189.664	227.4046	0.9782129	12.6179	0.3238373	1.374141
2394	-977.5836	-1204.535	226.9512	1.125841	14.35002	0.3678516	1.374141
2400	-978.2094	-1205.329	227.1194	1.353721	11.60714	0.482782	1.157758
2406	-972.5775	-1199.431	226.8536	1.353721	9.150706	0.7103741	1.410225
2412	-965.4631	-1192.43	226.9668	1.242147	12.67596	0.5187595	1.211123
2418	-972.6688	-1199.458	226.7891	1.309209	12.15664	0.5187595	1.357638
2424	-976.8417	-1203.912	227.0701	1.309209	13.18965	0.2574492	1.443156
2430	-982.9825	-1209.62	226.6375	0.9101278	13.78859	0.3412563	1.847897
2436	-979.0717	-1206.597	227.525	0.9628183	12.81852	0.3412563	1.237333
2442	-971.8543	-1199.309	227.4546	0.7761048	10.80621	0.4301099	1.518218
2448	-967.6587	-1195.135	227.4763	0.8298849	11.41865	0.3469699	1.518218
2454	-970.0932	-1197.236	227.143	1.148679	17.66624	0.2393726	1.152628
2460	-965.8953	-1193.381	227.4856	0.9891092	10.78795	0.3490446	1.456519
2466	-968.614	-1196.075	227.4609	1.046996	7.661465	0.3910991	1.756347
2472	-965.0903	-1192.299	227.2088	0.966716	8.320103	0.5069731	1.756347
2478	-962.7767	-1189.939	227.1624	1.021777	7.656765	0.4869984	1.860566
2484	-960.1563	-1187.197	227.0405	0.979049	9.903583	0.3433895	1.88742
2490	-960.1889	-1187.74	227.5513	1.021868	8.761219	0.5052969	1.409044
2496	-973.3144	-1200.497	227.1826	0.900628	7.34801	0.3020721	2.209522
2502	-969.5716	-1197.145	227.573	1.024254	6.951752	0.3172565	1.901409
2508	-968.0544	-1194.956	226.9017	1.024254	10.73938	0.4634353	1.70325
2514	-971.5314	-1199.019	227.4875	0.9572939	10.86403	0.393876	1.400983
2520	-975.8091	-1203.692	227.8828	1.227291	8.320464	0.4251588	1.147232
2526	-973.561	-1200.88	227.319	1.209498	9.263609	0.3620138	1.575286
2532	-975.0907	-1202.431	227.3403	1.227837	6.831685	0.7154202	1.46846
2538	-966.6143	-1194.568	227.954	1.088603	6.07947	0.5875514	1.369701
2544	-968.162	-1195.875	227.7133	0.914006	7.872293	0.5143109	1.48156
2550	-964.5017	-1191.624	227.1227	0.905746	8.266583	0.6329536	1.732876
2556	-968.7719	-1196.056	227.2846	1.069663	7.44254	0.7417274	1.508344
2562	-964.062	-1191.603	227.5412	0.9648759	8.305132	0.5167917	1.508344
2568	-961.0415	-1188.421	227.3795	0.9648759	8.209107	0.5754462	1.5737
2574	-956.214	-1183.951	227.7365	1.168946	8.709464	0.4907666	1.163981
2580	-975.5306	-1202.686	227.1557	0.8951223	9.585292	0.5011913	1.696619
2586	-974.8949	-1201.846	226.9511	0.9882344	17.19795	0.2101726	1.536215
2592	-967.5914	-1194.227	226.6359	0.969034	16.84589	0.2738501	1.681031
2598	-967.5592	-1194.051	226.4918	0.835558	16.84589	0.4045376	1.677239
2604	-968.2628	-1195.325	227.0623	1.020117	9.108721	0.5357084	1.691142
2610	-962.5008	-1189.715	227.2139	0.8768006	10.53991	0.4349818	1.643216
2616	-959.5495	-1186.18	226.6307	0.9495548	14.82954	0.342001	1.74018
2622	-961.0288	-1187.711	226.682	1.010173	14.73643	0.3704455	1.625887
2628	-974.4531	-1201.499	227.046	1.029086	13.29191	0.3383264	1.519927
2634	-965.5195	-1193.375	227.8556	0.8339327	9.034767	0.3945826	1.43499
2640	-969.4181	-1196.467	227.0493	0.940177	9.527097	0.4355033	1.825618
2646	-973.4808	-1200.716	227.2357	1.033187	10.31841	0.4355033	1.537112
2652	-980.368	-1207.994	227.6259	1.17659	5.869786	0.4586609	1.737689
2658	-980.4573	-1207.328	226.8708	0.974968	9.039348	0.6607881	1.737689
2664	-980.7547	-1207.974	227.2193	0.9031034	6.577179	0.5770847	1.959056
2670	-977.7454	-1205.608	227.8625	1.057866	7.91476	0.4742752	1.298236
2676	-986.3476	-1213.243	226.895	0.863715	8.82195	0.4579976	2.034903
2682	-980.2577	-1206.962	226.7039	0.9802559	12.80108	0.308524	1.887688
2688	-979.8942	-1206.963	227.0686	0.9802559	15.39375	0.2239853	1.565218
2694	-975.5632	-1202.524	226.9611	0.9262297	12.96723	0.5063103	1.455283
2700	-977.1634	-1203.863	226.6994	0.9226451	7.97734	0.5063103	2.171907
2706	-979.7995	-1206.892	227.0928	0.9955172	7.314137	0.3285971	2.171907
2712	-978.1836	-1205.035	226.8515	0.9501807	10.14226	0.2393249	2.171907
2718	-969.8705	-1196.899	227.0287	0.8389155	7.548015	0.4073348	2.180077
2724	-978.053	-1204.895	226.8421	0.7526662	9.431922	0.372328	2.180077
2730	-966.3313	-1192.99	226.6582	0.751044	10.80923	0.4596602	2.053149
2736	-969.5666	-1196.627	227.06	0.9467357	13.03337	0.3071199	1.644225
2742	-979.4397	-1206.263	226.8233	1.016815	13.03337	0.3854589	1.644225
2748	-973.5143	-1200.713	227.1991	1.320952	15.53036	0.3068878	0.9866737
2754	-982.0954	-1209.197	227.1017	1.320952	17.34542	0.2626985	1.002828
2760	-971.6358	-1198.686	227.0497	1.146695	18.30649	0.3320804	0.9730772
2766	-973.9199	-1200.564	226.6443	1.172797	19.49402	0.4624499	0.9901093
2772	-959.8755	-1187.082	227.2066	1.172797	12.97981	0.4168721	1.183278
2778	-965.0726	-1192.48	227.4075	1.318072	11.73223	0.3686791	1.105469
2784	-959.7902	-1187.318	227.5276	1.274171	11.73223	0.3637227	1.043707
2790	-967.1501	-1194.448	227.2978	0.9351652	10.50122	0.4438596	1.531895
2796	-976.401	-1203.685	227.2842	1.133751	10.50122	0.3733364	1.493963
2802	-979.4083	-1206.473	227.0647	1.13182	15.54563	0.4555659	1.01073
2808	-974.8792	-1201.952	227.0729	1.129913	17.29614	0.3673164	0.9903437
2814	-969.8041	-1197.005	227.2008	1.129913	10.54026	0.4882957	1.394487
2820	-972.4869	-1199.767	227.2797	0.7989095	6.619274	0.626186	1.934206
2826	-980.0941	-1207.46	227.3658	0.8127024	6.835356	0.530689	1.931103
2832	-974.5576	-1201.971	227.413	1.059296	7.114387	0.3880454	1.861805
2838	-976.1013	-1203.128	227.027	0.9484249	9.404402	0.4118157	1.87916
2844	-982.1351	-1209.335	227.1994	1.095632	13.70543	0.324406	1.334993
2850	-982.9565	-1210.227	227.2706	1.231487	12.57558	0.3559867	1.225414
2856	-979.6667	-1206.641	226.974	1.190101	15.44945	0.3543861	1.225414
2862	-973.5636	-1201.329	227.7655	1.044491	9.309167	0.4520869	1.214815
2868	-977.4985	-1204.685	227.1863	0.9576333	9.598924	0.4408141	1.702872
2874	-971.9765	-1199.176	227.1994	1.38319	15.87995	0.3206665	0.8413993
2880	-972.7773	-1199.984	227.2064	1.176178	12.71508	0.2825936	1.438675
2886	-971.3515	-1198.805	227.4531	1.176178	12.71508	0.412416	0.9904652
2892	-989.5052	-1217.21	227.7048	1.045873	6.617856	0.4991245	1.600612
2898	-987.4211	-1214.785	227.3639	0.8569187	6.660903	0.5263027	1.933009
2904	-971.9105	-1198.759	226.8483	0.8135151	11.14458	0.375333	1.957747
2910	-975.2821	-1202.78	227.4981	0.7812471	9.03452	0.375333	1.761648
2916	-972.3963	-1199.616	227.2194	0.7420069	10.40702	0.4197164	1.768819
2922	-968.6083	-1195.825	227.2162	0.8178526	11.36088	0.3857389	1.66479
2928	-967.0237	-1194.144	227.1201	0.9713197	11.0623	0.5979271	1.387364
2934	-971.8945	-1199.046	227.1511	0.9713197	8.620461	0.4863844	1.77931
2940	-973.1931	-1200.724	227.5309	0.9146765	7.995872	0.4037234	1.737523
2946	-975.3092	-1202.438	227.1288	0.6942282	8.935943	0.4037234	2.045016
2952	-969.0246	-1196.315	227.2909	0.8187163	9.035027	0.3316376	1.940655
2958	-971.4811	-1199.379	227.8983	1.040978	8.198039	0.3587885	1.413061
2964	-983.043	-1209.911	226.8684	0.7887359	8.465478	0.3291659	2.306051
2970	-984.0559	-1211.008	226.9526	0.6100227	14.019	0.4203997	1.708486
2976	-969.9942	-1197.137	227.1431	0.9897978	8.659696	0.3478987	1.945542
2982	-971.6769	-1199.077	227.4006	1.091361	11.07094	0.2723619	1.543863
2988	-978.7526	-1206.001	227.2481	0.9121879	10.72303	0.4331857	1.575195
2994	-971.8056	-1199.275	227.4698	1.374151	11.84787	0.4588503	0.7770107
3000	-979.9044	-1206.51	226.6055	0.8708056	9.454877	0.5177022	2.083939
3006	-994.3876	-1221.419	227.0316	0.7922567	10.47614	0.2627781	2.083939
3012	-974.5754	-1201.606	227.0309	1.106743	11.59831	0.494035	1.418046
3018	-980.4386	-1207.534	227.0955	1.192379	13.94725	0.3173282	1.330207
3024	-985.6531	-1213.146	227.4927	0.9168872	9.401612	0.2805903	1.773441
3030	-986.4092	-1212.929	226.52	0.8353103	12.07411	0.3324603	2.134462
3036	-977.1652	-1203.8	226.6353	0.9746198	18.94042	0.3036126	1.477743
3042	-983.6129	-1210.788	227.1756	1.059809	11.12721	0.4792697	1.41322
3048	-974.0745	-1201.276	227.2013	1.203447	12.48501	0.4846784	1.110291
3054	-982.1101	-1210.022	227.9115	1.196476	5.578576	0.6816633	1.311428
3060	-972.2055	-1199.404	227.1988	1.185093	12.27291	0.3661958	1.337641
3066	-967.1374	-1194.512	227.3751	1.239139	15.96985	0.2792525	0.9061736
3072	-979.8435	-1207.021	227.1776	1.215121	12.6901	0.4487262	1.153101
3078	-980.17	-1207.299	227.1293	1.183345	13.49963	0.416622	1.185478
3084	-972.6014	-1199.795	227.1931	1.247808	14.56313	0.3599349	1.056737
3090	-968.4321	-1195.627	227.1949	1.32718	13.91204	0.3599349	1.051871
3096	-969.7705	-1196.804	227.0334	1.283414	19.10794	0.2007138	1.106566
3102	-969.5433	-1196.596	227.053	1.386166	13.76381	0.2895956	1.277272
3108	-963.9554	-1191.543	227.5875	1.414547	11.71135	0.3133652	0.9547366
3114	-966.8335	-1193.81	226.9769	1.245859	19.86618	0.2552435	0.9869642
3120	-970.8529	-1198.446	227.593	1.333757	12.19428	0.3083607	0.9767787
3126	-978.1492	-1205.614	227.4643	1.31251	11.80237	0.4539779	0.8804071
3132	-979.5959	-1207.36	227.7642	1.035582	7.261724	0.6512608	1.281708
3138	-974.6487	-1202.293	227.6439	0.999709	7.759247	0.441734	1.577725
3144	-977.7848	-1204.454	226.6688	0.8332556	12.19497	0.399295	1.935683
3150	-980.4723	-1207.415	226.9429	1.113385	18.32307	0.2799515	1.212301
3156	-973.3039	-1200.132	226.8286	1.04819	19.34913	0.3151061	1.214536
3162	-971.3018	-1198.604	227.3025	1.280159	11.68705	0.4210894	1.147904
3168	-966.1721	-1193.6	227.4283	1.153579	13.07441	0.337894	1.134175
3174	-987.4741	-1214.573	227.0991	1.437427	15.6542	0.3935602	0.7286191
3180	-963.3748	-1190.511	227.136	1.084467	13.9983	0.387294	1.260369
3186	-964.6232	-1192.2	227.5764	1.270008	9.397246	0.4734243	1.13802
3192	-973.6498	-1200.768	227.1183	1.757254	14.99116	0.3027354	0.4427027
3198	-968.196	-1195.365	227.1694	1.757254	13.55772	0.3539667	0.4307455
3204	-972.8817	-1199.919	227.0368	1.553533	16.14586	0.3805615	0.4894292
3210	-979.4496	-1206.551	227.1019	1.4911	16.14586	0.3378221	0.7372295
3216	-975.8289	-1202.849	227.0198	1.4911	18.79191	0.261612	0.7372295
3222	-981.7911	-1209.014	227.223	1.226765	17.84983	0.2095981	1.068309
3228	-987.5573	-1214.197	226.6401	1.194445	16.69058	0.390476	1.328679
3234	-996.1558	-1223.253	227.0973	1.410948	16.31787	0.2691104	1.005252
3240	-987.6136	-1214.913	227.2996	1.240408	16.64146	0.1966788	1.130692
3246	-976.2459	-1203.068	226.822	1.1038	17.22047	0.3161451	1.337754
3252	-976.3302	-1202.923	226.5927	1.043252	15.19463	0.2075539	1.904091
3258	-973.0435	-1200.188	227.1444	0.8516762	10.58855	0.2793699	1.93048
3264	-972.9536	-1200.157	227.2037	0.7750539	11.44347	0.2290214	1.946355
3270	-964.288	-1191.971	227.6832	0.8787577	9.490636	0.4224408	1.433436
3276	-961.6258	-1188.729	227.1035	1.045798	10.72409	0.4340374	1.582031
3282	-971.4336	-1198.547	227.1134	1.08363	10.72409	0.382206	1.618995
3288	-966.758	-1194.005	227.2469	1.08363	12.5082	0.3413736	1.396294
3294	-966.7329	-1193.618	226.8846	1.098228	17.14502	0.290199	1.346136
3300	-966.8037	-1194.209	227.4054	1.098228	12.7947	0.2774197	1.346136
3306	-969.8025	-1197.724	227.9211	1.308313	10.2192	0.2507896	1.094077
3312	-981.6744	-1208.776	227.1019	1.328779	14.42635	0.4831443	0.8398802
3318	-968.0772	-1194.955	226.8783	1.127676	16.12552	0.2895559	1.411137
3324	-971.5955	-1198.099	226.5039	0.9233069	20.64981	0.2212712	1.655124
3330	-975.6502	-1202.008	226.3574	0.828348	20.64981	0.1618305	1.948822
3336	-969.3433	-1196.402	227.0585	0.9094609	17.44185	0.338034	1.246143
3342	-968.8671	-1196.172	227.3051	0.9605966	15.6945	0.2860895	1.246143
3348	-968.631	-1195.879	227.2478	1.091624	16.92022	0.2141351	1.235373
3354	-964.5213	-1191.293	226.7713	1.146494	20.43282	0.2488648	1.235373
3360	-960.4881	-1187.654	227.1662	1.041357	17.20589	0.2519412	1.235373
3366	-959.099	-1185.835	226.7359	1.108262	23.08838	0.2100538	1.205199
3372	-959.8645	-1187.226	227.3617	1.108262	11.55286	0.3239055	1.417598
3378	-959.1654	-1186.203	227.0372	1.158357	11.90991	0.3707775	1.513217
3384	-962.3174	-1189.61	227.2926	1.210307	12.9869	0.5060463	0.9137978
3390	-962.8007	-1190.569	227.7686	1.210307	10.69501	0.2961398	1.153622
3396	-959.7701	-1186.679	226.9091	1.241566	19.36514	0.2961398	1.00306
3402	-969.3169	-1196.686	227.3695	1.446838	13.37277	0.3967587	0.6891504
3408	-973.1581	-1200.063	226.9053	1.649573	17.06262	0.3517048	0.5195101
3414	-973.9687	-1200.752	226.7832	1.094939	12.80181	0.4105558	1.602974
3420	-964.0914	-1191.13	227.0382	1.076717	14.66116	0.3434065	1.356221
3426	-962.7819	-1189.84	227.0579	1.056138	18.27977	0.3140757	1.09418
3432	-965.6349	-1192.261	226.626	1.159477	26.08584	0.2871907	0.8465731
3438	-967.578	-1194.44	226.8616	1.269405	21.8478	0.2758261	0.8465731
3444	-959.42	-1186.217	226.7967	1.188281	20.15953	0.3694179	0.9365145
3450	-968.6676	-1196.461	227.7931	1.372087	11.30401	0.3353238	0.7695684
3456	-969.8617	-1197.455	227.593	1.29169	11.6571	0.2515365	1.211116
3462	-971.1153	-1198.86	227.7443	1.207938	11.6571	0.2800395	1.087776
3468	-978.1164	-1204.952	226.8359	1.389171	17.00639	0.1707971	1.426431
3474	-974.2816	-1201.411	227.1292	1.165269	20.11456	0.2273263	0.9676857
3480	-974.1145	-1201.722	227.6071	1.294666	11.37626	0.3978924	0.9231414
3486	-974.6462	-1202.12	227.4734	1.097071	8.212206	0.6943272	1.270018
3492	-972.3329	-1199.866	227.533	1.240918	8.694752	0.6040499	1.126721
3498	-973.9922	-1201.599	227.6073	1.249207	9.515272	0.4636292	1.126721
3504	-977.8033	-1205.966	228.1626	1.145582	5.198391	0.4272595	1.539104
3510	-967.4438	-1194.359	226.9154	0.8095851	9.534367	0.5326145	1.893165
3516	-967.9622	-1194.805	226.8426	1.027241	16.42109	0.3981464	1.310586
3522	-963.6573	-1190.447	226.7892	1.027241	15.08242	0.2671554	1.675515
3528	-968.1313	-1194.976	226.8447	1.027241	13.69477	0.7272986	1.13544
3534	-977.2847	-1204.537	227.2521	0.8656374	8.115018	0.5636881	1.760856
3540	-991.5081	-1218.369	226.8609	0.9306863	7.706747	0.7791314	1.839817
3546	-980.0194	-1207.161	227.1416	1.051119	11.95329	0.3719983	1.509082
3552	-999.8365	-1226.203	226.367	0.9011469	7.486463	0.6888839	2.28951
3558	-990.6994	-1217.628	226.9285	0.8719292	7.540894	0.5716703	2.043434
3564	-983.3376	-1210.33	226.9921	0.8062537	8.254794	0.4867891	2.043434
3570	-969.1906	-1195.796	226.6058	1.102971	25.28901	0.2351506	1.118699
3576	-974.7271	-1201.428	226.7005	1.087813	25.28901	0.2069054	1.118699
3582	-978.8781	-1205.281	226.4032	1.15894	31.66199	0.2137797	0.9150666
3588	-980.9354	-1207.753	226.8179	1.481165	22.23524	0.1894767	0.8909978
3594	-991.213	-1218.046	226.8334	1.481165	18.7879	0.2409144	1.029584
3600	-985.7172	-1212.652	226.9348	1.030483	13.13733	0.2966994	1.681813
3606	-979.7279	-1206.761	227.0334	0.945645	9.456514	0.4354168	1.840853
3612	-977.6982	-1205.312	227.6136	1.198267	11.34787	0.2880205	1.232344
3618	-989.437	-1216.919	227.4817	1.263098	7.432818	0.8504752	1.084776
3624	-985.1886	-1213.074	227.8851	1.631601	7.145673	0.599868	0.4709355
3630	-989.475	-1217.061	227.5855	1.742654	7.587527	0.6717842	0.4939797
3636	-977.9238	-1204.757	226.8334	1.66957	16.19252	0.4234741	0.4903153
3642	-964.4636	-1191.67	227.2061	1.015459	8.056763	0.4933508	1.774151
3648	-964.577	-1191.222	226.6451	1.02892	12.80067	0.3914763	1.774151
3654	-966.0096	-1193.457	227.4474	1.339235	10.20517	0.460126	1.095785
3660	-963.3346	-1190.358	227.0232	1.22045	12.83581	0.5007016	1.189064
3666	-963.7171	-1190.786	227.0694	1.141033	12.42082	0.5552602	1.189064
3672	-957.7943	-1185.05	227.2553	1.139106	13.1914	0.3567155	1.24879
3678	-961.6303	-1189.168	227.5373	0.9520459	9.62931	0.45121	1.431663
3684	-962.1032	-1189.374	227.2709	1.026739	9.823493	0.3736886	1.658775
3690	-978.808	-1205.385	226.577	1.897075	21.006	0.2189922	0.3678452
3696	-975.4062	-1202.29	226.8843	1.868733	15.60984	0.3110129	0.3678452
3702	-962.4131	-1189.516	227.1031	0.9026053	14.84753	0.2260246	1.63653
3708	-969.726	-1196.565	226.8385	1.025519	16.15033	0.2260246	1.63653
3714	-976.9103	-1203.864	226.9538	1.51879	23.03934	0.1669378	0.6540283
