Iteration	Posterior	Likelihood	Prior	rate_log_sd	rate_loss	rate_neo	tree_length
0	-970.247	-1197.601	227.3538	1.115408	14.18236	0.3550746	1.081123
6	-964.8081	-1192.023	227.2152	1.167538	14.93626	0.3550746	1.081123
12	-970.9409	-1197.663	226.722	1.115531	22.79488	0.2732012	1.081123
18	-978.1224	-1205.569	227.447	1.109806	12.22253	0.3997995	1.142243
24	-983.2015	-1210.225	227.0233	1.179491	15.64699	0.3718485	1.142243
30	-982.1457	-1208.784	226.6379	1.180065	18.35985	0.3099611	1.347023
36	-981.7462	-1208.834	227.0881	1.283803	16.57137	0.3763409	0.8662252
42	-982.008	-1209.248	227.2398	1.283803	16.57137	0.3200062	0.8265321
48	-981.1369	-1208.513	227.3765	1.283803	15.29499	0.3200062	0.825231
54	-978.4249	-1205.782	227.3571	1.513481	12.08111	0.4144504	0.8073203
60	-996.9441	-1224.256	227.3121	1.493237	12.47788	0.4837274	0.6196463
66	-990.0335	-1217.502	227.4687	1.493237	11.76164	0.3913282	0.8026032
72	-979.9573	-1207.677	227.7202	1.571137	8.473942	0.5623117	0.6205322
78	-976.1167	-1203.625	227.5079	1.482329	8.473942	0.7280345	0.7532482
84	-984.4355	-1212.028	227.5926	1.452674	8.473942	0.6591169	0.8026492
90	-990.3226	-1217.931	227.6083	1.551022	9.139327	0.4890342	0.8354357
96	-986.7433	-1213.939	227.1954	1.357997	13.69779	0.4391814	0.8877126
102	-984.7796	-1212.559	227.7791	1.419219	11.03079	0.2469064	1.017711
108	-989.975	-1217.486	227.5106	1.260136	11.03079	0.4902683	0.9385959
114	-992.8731	-1220.677	227.8042	1.051459	8.575421	0.4726225	1.253145
120	-991.132	-1218.574	227.4422	1.200083	9.191421	0.5372093	1.253145
126	-986.1225	-1213.883	227.7604	1.200083	8.433206	0.4948132	1.153226
132	-987.2781	-1214.979	227.7012	1.044822	9.4923	0.3333095	1.429253
138	-989.5317	-1216.699	227.1674	0.5773907	12.73443	0.3333095	1.81412
144	-992.0722	-1218.704	226.6317	0.68428	13.46683	0.2817859	2.119543
150	-997.1153	-1223.756	226.6409	1.070215	8.957581	0.6780431	1.82491
156	-995.4787	-1222.784	227.3048	0.9929211	11.36361	0.4299735	1.406286
162	-978.0852	-1204.741	226.656	0.9649072	15.56035	0.3072596	1.708789
168	-971.1984	-1198.322	227.1238	0.8960883	15.55029	0.3844575	1.285321
174	-965.8998	-1193.317	227.4168	1.019918	13.66588	0.3844575	1.112599
180	-968.2422	-1195.408	227.1656	1.029453	15.78741	0.3787599	1.123239
186	-973.1126	-1200.561	227.4486	1.234387	11.29303	0.4450287	1.06695
192	-985.1431	-1212.727	227.5839	1.610209	8.581076	0.5253783	0.839315
198	-993.3508	-1221.135	227.7843	1.718218	7.859292	0.4313306	0.8221109
204	-984.0243	-1211.345	227.3203	1.664138	9.432355	0.6401691	0.6810632
210	-984.9358	-1211.652	226.7166	1.378807	22.3237	0.3019865	0.760315
216	-984.0435	-1211.309	227.266	1.210759	17.11755	0.2626773	0.971028
222	-989.1205	-1216.471	227.3502	1.497666	11.64882	0.484899	0.7458166
228	-986.177	-1213.823	227.6459	1.385305	10.37961	0.4312194	0.8713414
234	-980.4732	-1207.673	227.2001	0.9885751	13.85134	0.4303443	1.23322
240	-973.4091	-1200.549	227.1402	0.9055495	12.28664	0.4426441	1.484747
246	-978.9974	-1206.656	227.6589	0.9055495	7.129179	0.5677504	1.576838
252	-971.1005	-1198.097	226.9964	0.8803209	11.56023	0.4018374	1.734222
258	-974.975	-1202.164	227.1887	0.8986199	12.06005	0.326731	1.645632
264	-976.9264	-1204.252	227.3254	0.9603163	10.11641	0.528288	1.429015
270	-970.7465	-1198.369	227.6228	1.203584	9.132109	0.5488196	1.084982
276	-962.9841	-1190.048	227.064	1.083248	15.34515	0.4370534	1.109393
282	-970.3214	-1197.697	227.3755	1.083248	11.44302	0.379098	1.347532
288	-968.3862	-1195.957	227.5708	1.277506	10.99907	0.2363373	1.350701
294	-966.7757	-1193.884	227.1079	1.216179	17.91262	0.2476478	1.081846
300	-962.194	-1189.389	227.1954	1.216179	18.878	0.2659915	0.846572
306	-968.1255	-1195.209	227.0837	1.449694	12.09719	0.5621059	0.9101811
312	-979.2331	-1206.679	227.4462	1.295871	8.166827	0.8095742	0.9953222
318	-978.0234	-1205.897	227.8733	1.362866	7.282945	0.5365115	1.042006
324	-974.8237	-1202.628	227.8042	1.23084	8.137516	0.4399333	1.218276
330	-975.393	-1202.693	227.3001	1.202468	11.26209	0.3974312	1.303931
336	-971.4054	-1198.631	227.2258	1.363224	14.08349	0.3974312	0.8835501
342	-967.4984	-1195.025	227.5269	1.363224	12.66919	0.3325379	0.8910162
348	-968.3946	-1195.786	227.3918	1.361637	16.34096	0.283965	0.6281714
354	-964.4121	-1191.869	227.4564	1.547	12.72547	0.3119519	0.7993553
360	-972.3668	-1198.933	226.5659	1.547	27.37859	0.1916112	0.5703708
366	-971.8981	-1198.843	226.9452	1.547	18.36983	0.2849268	0.7377812
372	-972.1691	-1198.756	226.5868	1.525747	22.79098	0.3228731	0.4934581
378	-973.7887	-1200.549	226.7599	1.532662	22.64752	0.240399	0.6373122
384	-971.8482	-1198.599	226.7508	1.521846	24.54827	0.1845121	0.709747
390	-977.3863	-1204.873	227.4865	1.141647	15.25735	0.3233658	0.8606711
396	-976.2816	-1203.87	227.5883	1.312421	13.19325	0.2911001	0.9103285
402	-979.2419	-1206.721	227.4792	1.200919	14.13918	0.2464957	1.124986
408	-978.1844	-1205.933	227.7489	1.10902	9.530593	0.4500115	1.144587
414	-977.2403	-1204.193	226.9525	1.041959	14.08152	0.4500115	1.340656
420	-980.9169	-1208.319	227.4021	1.10219	10.21174	0.377791	1.455375
426	-975.8073	-1203.114	227.3062	0.9803822	13.02253	0.2881532	1.471822
432	-991.1981	-1218.071	226.8729	0.9558148	13.36791	0.2991782	1.753895
438	-983.9252	-1210.711	226.7855	1.066299	13.36791	0.2179738	1.881864
444	-983.822	-1211.256	227.4344	1.159412	11.91041	0.3868917	1.168833
450	-978.048	-1205.98	227.9325	1.244327	9.454104	0.2551416	1.237411
456	-972.6402	-1200.472	227.8317	1.33416	7.354348	0.5579058	1.063412
462	-977.3723	-1204.867	227.4944	1.120737	5.797469	0.5370186	1.790068
468	-971.0952	-1198.37	227.2753	1.095401	9.636734	0.5938413	1.344118
474	-980.4263	-1207.238	226.812	0.7173372	9.636734	0.3853716	2.183778
480	-978.4309	-1205.316	226.8846	0.710302	8.617204	0.5613042	2.055466
486	-974.9731	-1202.523	227.5498	0.9847955	8.074716	0.3400785	1.755064
492	-970.0714	-1197.153	227.0821	1.047752	10.60858	0.3308363	1.755064
498	-963.873	-1191.031	227.1582	1.151156	15.12601	0.355664	1.127659
504	-965.0926	-1192.227	227.1342	1.259592	15.12601	0.3984621	0.964203
510	-967.3237	-1193.954	226.6306	1.451618	25.20069	0.2546998	0.5857581
516	-972.3646	-1198.817	226.4519	1.670194	22.82609	0.3144684	0.5597031
522	-962.2482	-1188.764	226.5155	1.652693	22.30904	0.3144684	0.5253312
528	-974.4239	-1202.047	227.6236	1.422836	12.68286	0.3276851	0.6880424
534	-962.7628	-1189.883	227.1205	0.9336785	13.04139	0.3593349	1.525694
540	-961.8805	-1189.172	227.2911	1.11865	13.04139	0.4258075	1.135131
546	-965.6808	-1192.428	226.7468	0.7956	12.50836	0.3042923	2.01495
552	-972.5342	-1199.106	226.5715	0.6914062	10.68557	0.4448096	2.178232
558	-974.9326	-1202.687	227.7545	1.030182	10.68557	0.4334187	1.074205
564	-972.6591	-1199.582	226.9225	0.925418	12.4484	0.4777653	1.570262
570	-973.9636	-1200.95	226.9865	1.075139	9.399151	0.6295914	1.570262
576	-974.5423	-1202.522	227.9802	1.241189	7.495794	0.5352771	1.016282
582	-979.491	-1207.256	227.7651	1.331062	10.10235	0.4314188	0.8444407
588	-970.3117	-1197.408	227.0959	1.239733	14.29995	0.5386863	0.8631113
594	-972.182	-1199.419	227.237	1.239733	16.26963	0.3412476	0.8652331
600	-966.3164	-1193.519	227.2023	1.135366	15.33456	0.3412476	1.108857
606	-969.5216	-1196.753	227.2315	1.021166	14.57224	0.4271091	1.108857
612	-971.0217	-1198.006	226.9848	1.564764	15.47229	0.4253073	0.6258404
618	-968.7165	-1195.414	226.6979	1.67798	21.49168	0.2561107	0.5141286
624	-974.3727	-1201.494	227.1209	1.6859	17.58124	0.2246701	0.5425974
630	-975.9026	-1202.516	226.6134	1.468678	21.61602	0.347629	0.7123871
636	-973.733	-1200.752	227.0187	1.629497	15.79618	0.3124145	0.7922148
642	-971.6893	-1198.51	226.8205	1.629497	18.92254	0.3124145	0.5856541
648	-970.4109	-1197.345	226.9338	1.811518	15.08637	0.3474527	0.3912975
654	-968.7774	-1195.448	226.6708	1.752513	22.20545	0.2146423	0.4406444
660	-979.0379	-1205.537	226.4988	1.68581	28.86599	0.1420468	0.5506515
666	-969.8428	-1195.798	225.9552	1.702266	33.78092	0.2163234	0.4697635
672	-968.1753	-1194.401	226.2256	1.246774	33.78092	0.2398451	0.7891811
678	-969.4948	-1195.783	226.2879	1.406951	35.89953	0.1337004	0.7833645
684	-974.6959	-1200.572	225.8759	1.523719	43.53411	0.1393554	0.6128209
690	-977.0901	-1202.902	225.8121	1.523719	42.22621	0.1405114	0.8143935
696	-973.1337	-1199.855	226.7214	1.41499	25.48342	0.1349463	0.9995299
702	-972.9597	-1199.959	226.9993	1.4101	18.95211	0.2215368	0.972774
708	-974.312	-1201.155	226.8432	1.166071	20.11196	0.2695821	1.134354
714	-976.2311	-1202.933	226.7019	1.166071	14.65084	0.3483387	1.537954
720	-973.0364	-1199.757	226.7203	1.032928	14.95092	0.2824911	1.704015
726	-970.5507	-1198.103	227.552	1.394215	12.40211	0.1712009	1.270937
732	-967.8628	-1194.637	226.7741	1.352735	17.6905	0.3303765	1.100948
738	-967.8925	-1195.165	227.2727	1.292187	13.00422	0.3583017	1.118588
744	-963.2287	-1190.624	227.3957	1.215611	11.39415	0.4761828	1.069568
750	-960.134	-1187.249	227.1154	1.215611	13.6293	0.4724016	1.064544
756	-967.9794	-1194.69	226.7106	0.8900257	10.54518	0.524876	1.878028
762	-973.7989	-1200.945	227.1465	1.059356	14.09354	0.3255107	1.367069
768	-967.4213	-1194.681	227.2599	1.001355	12.75234	0.4069705	1.321404
774	-954.0654	-1181.107	227.0419	0.9059366	9.578903	0.343742	1.970607
780	-960.5039	-1187.272	226.7677	0.8724462	13.19105	0.2347232	2.007751
786	-957.6613	-1184.697	227.036	1.133198	19.62917	0.2669367	1.031318
792	-963.0922	-1190.084	226.9919	1.092434	18.11136	0.385961	0.9922025
798	-966.1698	-1193.24	227.0707	1.183508	17.0228	0.2678806	1.176462
804	-971.8838	-1198.778	226.8942	0.8225953	17.0228	0.3108266	1.522977
810	-973.1661	-1200.341	227.1749	1.134106	13.18608	0.3302372	1.364335
816	-970.7772	-1197.469	226.6919	0.8455902	11.8262	0.4200908	1.918723
822	-980.4075	-1207.159	226.7519	1.045079	21.11296	0.2814169	1.219475
828	-975.2916	-1202.05	226.7584	1.098784	22.65407	0.2658762	1.090136
834	-975.0224	-1202.6	227.5779	1.222809	13.1904	0.2085669	1.211851
840	-969.5813	-1196.917	227.3355	0.9468518	16.21993	0.2730931	1.211851
846	-975.6414	-1202.26	226.6188	0.9468518	15.95368	0.3807463	1.60577
852	-969.2979	-1195.979	226.6811	1.055883	15.20529	0.413467	1.492331
858	-967.0835	-1194.385	227.3014	1.238758	12.9866	0.404707	1.058073
864	-966.5578	-1193.544	226.9864	1.238758	15.75768	0.4010249	1.058073
870	-969.7458	-1196.891	227.1452	1.187549	17.64627	0.342667	0.8678967
876	-966.5586	-1193.171	226.6121	1.208693	19.31278	0.3471656	1.205293
882	-981.4172	-1208.197	226.7795	0.8657958	11.61163	0.4041231	1.886105
888	-981.3401	-1207.963	226.6227	0.7579824	15.78368	0.2659998	1.926305
894	-980.875	-1207.853	226.9784	0.9078417	15.17535	0.2659998	1.620085
900	-977.4316	-1204.191	226.7595	0.9078417	15.71608	0.3115843	1.656813
906	-979.0722	-1206.146	227.0733	0.8900002	15.71608	0.2752635	1.50308
912	-977.6026	-1204.584	226.9816	0.9488297	13.75881	0.2225802	1.786127
918	-981.5809	-1208.891	227.3104	1.17546	9.410309	0.3267268	1.642974
924	-979.7381	-1206.59	226.8517	1.178565	16.71599	0.370077	1.198196
930	-976.4764	-1203.86	227.3838	1.078914	12.57516	0.370077	1.234239
936	-971.515	-1198.921	227.4063	1.215411	12.2731	0.3143382	1.234239
942	-974.3235	-1201.663	227.3398	1.258916	12.93771	0.3142716	1.1805
948	-978.7204	-1205.582	226.8618	1.059396	16.83301	0.3429917	1.325417
954	-971.7621	-1198.924	227.1618	1.189766	14.25273	0.3572761	1.175244
960	-963.7571	-1191.4	227.6426	1.242371	11.56012	0.2803945	1.159723
966	-976.6871	-1204.298	227.6104	1.132462	10.52835	0.5388651	0.9632849
972	-977.5048	-1205.7	228.195	1.377565	6.571344	0.3692141	1.147192
978	-969.3539	-1197.128	227.774	1.325191	8.385973	0.4492735	1.10687
984	-969.7096	-1197.494	227.7846	1.259683	8.592009	0.5958873	0.8871266
990	-972.4091	-1199.866	227.4573	1.422925	10.19238	0.5958873	0.7560733
996	-970.6881	-1198.26	227.572	1.422925	13.27781	0.2971108	0.7617744
1002	-976.8114	-1203.587	226.7756	1.143004	23.78181	0.1915224	1.142403
1008	-986.2295	-1213.083	226.8531	0.8356268	14.92235	0.1511434	2.009804
1014	-964.9396	-1191.38	226.4409	0.7959923	12.71768	0.2497223	2.283785
1020	-964.9554	-1191.925	226.9698	0.6873823	10.28601	0.3245051	2.116502
1026	-972.4973	-1198.764	226.2662	0.6838943	17.60836	0.2496367	2.116502
1032	-972.9985	-1200.089	227.0909	1.00046	15.94079	0.2765486	1.384276
1038	-966.6499	-1193.808	227.158	1.042094	16.3722	0.2354437	1.346424
1044	-970.3117	-1197.416	227.1044	1.053478	17.68247	0.2037605	1.346638
1050	-976.9372	-1204.03	227.093	1.217759	17.59556	0.2004059	1.236965
1056	-974.7918	-1201.327	226.5349	1.193103	26.85863	0.1945552	1.107736
1062	-976.3038	-1202.915	226.6108	0.9963817	25.20754	0.2322144	1.219533
1068	-973.4896	-1200.607	227.1172	1.066722	16.45624	0.3089171	1.202156
1074	-980.9253	-1207.975	227.0492	1.055623	17.59528	0.2937508	1.202156
1080	-974.9199	-1201.915	226.9948	1.056898	19.49271	0.2855188	1.110141
1086	-971.4236	-1198.209	226.7856	1.249319	19.49271	0.2681687	1.163148
1092	-973.4485	-1199.987	226.5386	1.092017	27.3749	0.2070647	1.130575
1098	-971.6939	-1198.381	226.6867	1.078876	24.67196	0.2029893	1.188348
1104	-973.4465	-1200.076	226.6295	1.116064	19.1152	0.2340716	1.494691
1110	-981.5372	-1208.14	226.6031	0.9568216	15.63961	0.3254857	1.716812
1116	-976.3538	-1203.337	226.9829	0.9912339	18.06569	0.2953335	1.270687
1122	-971.7519	-1199.129	227.377	1.099491	15.73297	0.2096109	1.234992
1128	-968.8414	-1195.205	226.3634	1.05192	28.72419	0.2500929	1.137914
1134	-973.9364	-1200.472	226.5351	1.014683	18.78869	0.2918578	1.553557
1140	-978.5338	-1205.377	226.843	0.880553	15.82994	0.2969643	1.631935
1146	-974.0621	-1200.593	226.5311	0.9535662	21.63332	0.1878845	1.62568
1152	-970.1608	-1196.762	226.6007	0.8149645	23.85519	0.1878845	1.548894
1158	-967.5213	-1194.182	226.6604	0.9792205	21.03874	0.196607	1.528696
1164	-969.6811	-1196.524	226.8431	0.970786	17.53456	0.2281475	1.566741
1170	-969.1486	-1196.142	226.993	0.9941116	18.32355	0.2839136	1.262239
1176	-974.6355	-1201.629	226.9939	1.128699	19.78174	0.2821497	1.02701
1182	-968.5755	-1196.193	227.6179	1.179191	11.53211	0.3969605	1.010757
1188	-974.7443	-1202.342	227.5982	1.317425	11.78755	0.3227113	1.010757
1194	-970.0836	-1196.842	226.758	1.350043	20.58541	0.3646649	0.7513115
1200	-978.5169	-1205.811	227.2945	1.477562	16.62762	0.2369919	0.7576978
1206	-969.1781	-1196.526	227.3478	1.477562	12.19669	0.4289015	0.8111011
1212	-969.0285	-1196.148	227.1191	1.477562	18.65816	0.2184336	0.7982622
1218	-967.8425	-1194.556	226.7131	1.477562	25.24989	0.1755871	0.7982622
1224	-969.1424	-1196.149	227.0067	1.477562	22.6436	0.162748	0.7156504
1230	-979.9845	-1205.249	225.265	1.374727	61.16519	0.1488734	0.7156504
1236	-978.7285	-1204.122	225.3931	1.18971	61.16519	0.1845979	0.5783179
1242	-974.9846	-1201.57	226.5851	1.251861	30.96366	0.1845979	0.7274649
1248	-982.1876	-1209.486	227.2982	1.687668	14.10226	0.2691108	0.7269443
1254	-990.5053	-1218.139	227.6338	1.437181	13.35616	0.3018153	0.5556193
1260	-978.7792	-1205.923	227.1443	1.223676	16.82089	0.3623841	0.8742895
1266	-985.9878	-1213.294	227.3059	1.38342	11.30078	0.4663682	1.023706
1272	-990.2889	-1217.481	227.1925	1.38342	14.32769	0.4663682	0.6864942
1278	-987.5032	-1214.553	227.05	1.2914	20.51053	0.2493202	0.8062889
1284	-969.8923	-1196.986	227.094	1.29339	20.30401	0.237375	0.8108489
1290	-972.3039	-1199.686	227.3817	1.549843	12.36236	0.3645266	0.806891
1296	-964.6912	-1192.321	227.6294	1.610673	12.16455	0.2827372	0.6438058
1302	-965.1589	-1192.746	227.5872	1.810582	9.849179	0.3800992	0.5250041
1308	-966.3182	-1193.437	227.1192	1.823474	13.63396	0.3392713	0.5964072
1314	-955.4596	-1182.891	227.4309	1.629364	13.86496	0.2826208	0.5107145
1320	-964.3017	-1191.46	227.1586	1.666611	12.61877	0.4753793	0.5197006
1326	-969.4128	-1196.831	227.418	1.209249	12.87714	0.4753793	0.8452834
1332	-967.3432	-1194.761	227.4176	1.066297	12.87714	0.3508495	1.217151
1338	-969.3648	-1196.72	227.3551	1.166621	10.46894	0.4183768	1.350143
1344	-965.7818	-1193.066	227.2839	1.392713	11.90109	0.3501726	1.162885
1350	-972.0631	-1199.389	227.3255	1.363703	13.26932	0.3837176	0.9119632
1356	-971.4319	-1198.901	227.4692	1.199763	11.83761	0.3588788	1.161235
1362	-980.8904	-1208.249	227.359	1.167453	9.332573	0.3998035	1.512552
1368	-981.6561	-1209.427	227.771	1.136239	7.413297	0.4947344	1.360263
1374	-982.9848	-1210.35	227.3653	1.216193	9.459483	0.5438691	1.257729
1380	-979.1309	-1206.883	227.7524	1.370028	9.459483	0.4429357	0.9096337
1386	-974.8377	-1202.722	227.884	1.443456	7.371914	0.4707191	1.040845
1392	-978.7742	-1206.326	227.552	1.156462	12.00247	0.3644632	1.095287
1398	-990.1453	-1217.313	227.1675	1.235296	14.29087	0.4316701	0.9883317
1404	-985.4857	-1213.429	227.9438	1.297447	10.81369	0.322338	0.8018135
1410	-979.2007	-1206.171	226.9706	1.168467	13.33452	0.2879325	1.55333
1416	-984.7566	-1211.19	226.4337	0.871514	19.13129	0.2945326	1.702871
1422	-982.0819	-1209.325	227.2434	1.028599	12.00336	0.2228507	1.702871
1428	-993.3774	-1220.853	227.4757	0.9290576	10.56749	0.5079647	1.306554
1434	-978.1955	-1205.492	227.2964	0.9835586	6.301549	0.4561803	2.026473
1440	-976.3972	-1204.168	227.7706	1.05691	8.8095	0.487661	1.220472
1446	-975.4467	-1202.97	227.5229	1.05691	11.13933	0.5669888	0.9936589
1452	-978.1819	-1205.337	227.155	1.005905	13.40108	0.3527063	1.421527
1458	-986.8839	-1214.785	227.9008	1.133014	8.00066	0.4597876	1.21123
1464	-994.131	-1222.077	227.9461	1.212673	8.516573	0.3725599	1.162438
1470	-988.7057	-1216.594	227.8887	1.26029	8.516573	0.468483	1.00495
1476	-1001.054	-1228.225	227.1715	1.165551	9.095614	0.8850917	1.140192
1482	-1005.411	-1232.71	227.2986	1.170858	11.75931	0.5939519	0.9764644
1488	-997.9791	-1225.314	227.3351	1.301583	11.75931	0.5079328	0.9407654
1494	-987.1095	-1214.924	227.8143	1.203755	6.781983	0.4676696	1.413219
1500	-979.623	-1207.314	227.6911	1.103821	9.721561	0.3146272	1.394557
1506	-980.949	-1208.406	227.4567	1.076859	7.728979	0.8094032	1.259012
1512	-991.046	-1217.645	226.599	0.9428168	18.13908	0.3192605	1.557703
1518	-990.3821	-1216.762	226.3794	0.9374203	17.47944	0.3306979	1.746637
1524	-977.2913	-1205.458	228.1662	1.356684	6.034754	0.5278748	1.045693
1530	-982.5055	-1210.153	227.6473	1.318203	6.034754	0.935963	1.078915
1536	-982.9003	-1210.14	227.2395	0.8687953	6.034754	0.5347049	2.095013
1542	-978.7303	-1206.311	227.5807	0.9256281	6.765717	0.4150021	1.85415
1548	-988.1492	-1215.519	227.3698	0.9805546	6.692316	0.4034605	1.985307
1554	-985.5069	-1211.768	226.2613	1.076266	29.74254	0.1662157	1.355053
1560	-995.0172	-1222.284	227.2668	0.7668186	8.542364	0.2471616	2.181413
1566	-972.4217	-1200.087	227.665	0.8260211	7.565018	0.3403595	1.853109
1572	-973.5459	-1200.861	227.3149	0.9169354	14.11702	0.355106	1.293146
1578	-977.9874	-1204.621	226.6335	0.9717373	17.16248	0.3709102	1.499517
1584	-966.8453	-1193.706	226.8609	0.9717373	16.18124	0.277658	1.559068
1590	-960.2139	-1187.595	227.3813	1.120187	8.771179	0.4731305	1.503482
1596	-972.2626	-1199.649	227.3867	1.268194	12.05713	0.4365887	1.006727
1602	-973.446	-1201.004	227.5582	1.161967	9.37549	0.4234122	1.32278
1608	-971.7662	-1198.968	227.2015	1.161967	12.86835	0.4858117	1.101089
1614	-967.3251	-1195.265	227.9401	1.335746	7.296474	0.5071858	1.04644
1620	-970.1869	-1198.31	228.1231	1.210507	6.754781	0.3208853	1.395925
1626	-967.6505	-1194.961	227.3104	1.069794	9.61758	0.5459758	1.395925
1632	-968.3458	-1195.711	227.3653	1.069794	8.945915	0.7783996	1.184183
1638	-973.5991	-1201.358	227.759	1.454909	7.619652	0.4918124	1.067561
1644	-976.7229	-1204.51	227.7874	1.409281	4.917991	0.7537261	1.309315
1650	-975.7129	-1203.37	227.6571	1.320222	7.604342	0.5645138	1.179207
1656	-984.1059	-1211.371	227.2654	1.515969	11.63253	0.4356308	0.9379688
1662	-980.3811	-1207.452	227.0711	1.533513	14.21297	0.464438	0.6634539
1668	-975.4625	-1203.065	227.6023	1.438909	10.89628	0.4201106	0.7871675
1674	-968.0008	-1195.672	227.6716	1.504781	11.45517	0.3148939	0.7871675
1680	-961.2751	-1188.417	227.1416	1.524305	14.67384	0.4055693	0.6482204
1686	-961.8296	-1189.327	227.4971	1.524305	11.18568	0.4540156	0.6482204
1692	-961.2599	-1188.338	227.0784	1.233182	15.40375	0.338825	1.130232
1698	-973.3261	-1200.305	226.9789	1.251797	18.10423	0.3823412	0.8392836
1704	-968.354	-1195.948	227.5941	1.357101	10.00921	0.5604718	0.771292
1710	-961.4173	-1188.854	227.4369	1.345551	10.61614	0.5016788	0.9705741
1716	-963.1482	-1191.045	227.8963	1.345551	8.77722	0.4409552	0.9100152
1722	-956.2082	-1183.831	227.6229	1.266561	12.09312	0.304293	1.036552
1728	-961.6292	-1189.225	227.5959	1.266561	11.43176	0.3304443	1.0923
1734	-959.4156	-1186.771	227.3557	1.093226	10.34426	0.5456509	1.24869
1740	-969.4089	-1196.704	227.2947	1.244302	12.08489	0.5308359	0.9581885
1746	-972.9488	-1199.993	227.0441	1.259218	10.91738	0.7409224	1.062026
1752	-977.2273	-1204.243	227.0157	1.177381	13.06504	0.5415975	1.150438
1758	-979.2534	-1207.277	228.024	1.33589	5.506659	0.730923	1.05331
1764	-973.9831	-1201.601	227.6179	1.279745	8.510834	0.5910964	1.060497
1770	-976.8794	-1204.035	227.1555	1.410479	12.5679	0.5839761	0.7488245
1776	-981.4417	-1208.702	227.2602	1.216765	12.14668	0.474847	1.10046
1782	-970.5803	-1197.858	227.278	1.338945	8.927021	0.6949071	1.118996
1788	-963.8609	-1191.659	227.7979	1.258253	6.522874	0.801049	1.027418
1794	-964.8327	-1192.228	227.3955	1.249539	8.770782	0.8661507	0.9145672
1800	-977.6159	-1205.067	227.4508	1.033971	9.062713	0.5549264	1.375744
1806	-987.8588	-1214.895	227.0367	1.110568	14.35466	0.4345917	1.211543
1812	-985.5506	-1213.006	227.4553	1.11602	11.9261	0.3722817	1.211543
1818	-976.049	-1203.531	227.4822	1.02278	12.11962	0.3924864	1.211543
1824	-988.7737	-1215.765	226.991	1.130524	19.90555	0.3468878	0.8601681
1830	-978.96	-1205.643	226.683	0.9667308	21.09509	0.3333443	1.244254
1836	-968.2634	-1195.479	227.2157	1.041906	13.49565	0.4025826	1.255109
1842	-976.4656	-1203.178	226.7122	1.162552	13.49565	0.5681721	1.338018
1848	-983.7701	-1211.406	227.6354	1.289855	12.14729	0.4058617	0.7404687
1854	-972.868	-1200.346	227.4779	1.347353	9.002399	0.7455345	0.8215347
1860	-971.8421	-1199.182	227.3404	1.236245	12.35298	0.5477922	0.8460257
1866	-970.3527	-1197.557	227.2043	1.297488	11.27093	0.6690055	0.9024341
1872	-972.0836	-1199.657	227.5734	1.624425	12.1646	0.2715849	0.7645082
1878	-978.3245	-1206.163	227.8383	1.432029	11.37751	0.2656784	0.8319556
1884	-964.5561	-1191.725	227.1685	1.346671	14.16508	0.4555001	0.8319556
1890	-970.7412	-1197.592	226.8511	1.366956	16.12531	0.4984766	0.8394958
1896	-985.8204	-1213.296	227.4753	1.424591	11.80243	0.3882625	0.8796781
1902	-984.5251	-1212.13	227.6045	1.656895	9.782567	0.425906	0.6943048
1908	-976.2214	-1203.233	227.0115	1.760877	14.92697	0.3514372	0.4323708
1914	-981.1153	-1208.464	227.3482	0.9851495	11.50669	0.4482166	1.336432
1920	-980.4424	-1207.776	227.3331	1.706903	10.41315	0.5238859	0.5914445
1926	-977.7737	-1205.29	227.5166	1.284663	11.4118	0.4326538	0.9553157
1932	-980.6108	-1208	227.3894	1.246957	12.39078	0.3807224	1.083786
1938	-982.7415	-1209.938	227.1963	1.211524	12.68395	0.6390961	0.8357546
1944	-981.3749	-1208.668	227.2931	0.8591988	11.73654	0.4502251	1.450029
1950	-981.8647	-1208.536	226.6717	1.021455	24.43919	0.2116047	1.242952
1956	-986.7244	-1213.729	227.0042	1.224551	20.52914	0.1415594	1.242952
1962	-978.836	-1206.417	227.5809	1.09474	9.473037	0.4747031	1.271462
1968	-984.3585	-1211.405	227.0462	1.294651	17.41664	0.3562448	0.8508805
1974	-983.6838	-1211.263	227.5795	1.034931	9.767702	0.6344416	1.067323
1980	-974.6497	-1202.051	227.4017	0.9160432	9.464354	0.4350285	1.601561
1986	-975.2838	-1202.902	227.6182	0.9160432	7.603521	0.4569843	1.65938
1992	-970.8668	-1198.324	227.4567	0.9160432	7.603521	0.5359158	1.68095
1998	-962.4196	-1189.813	227.3934	0.949105	10.34946	0.4440713	1.466719
2004	-975.1002	-1202.232	227.1321	0.7186649	9.563672	0.4230664	1.931596
2010	-974.3522	-1201.402	227.0501	1.008214	11.51723	0.3128755	1.741032
2016	-969.5701	-1196.892	227.3216	0.8468311	7.530345	0.5629135	1.805109
2022	-974.2004	-1201.621	227.4209	0.9640598	7.853056	0.4948036	1.684915
2028	-978.7751	-1205.664	226.8892	0.7438898	9.627118	0.5586855	1.917708
2034	-984.02	-1210.897	226.8772	0.6876561	13.67106	0.3467459	1.837779
2040	-976.0117	-1202.953	226.9417	0.8572827	12.20317	0.4050423	1.722929
2046	-973.7629	-1200.792	227.0292	0.8758543	12.20317	0.4050423	1.647525
2052	-975.3481	-1202.265	226.9174	1.124698	11.02986	0.4367246	1.623769
2058	-975.0902	-1202.285	227.195	1.095547	11.49914	0.3214864	1.562431
2064	-962.2269	-1189.218	226.9915	1.071982	11.79265	0.4124856	1.562431
2070	-969.7828	-1197.077	227.2939	0.9724761	12.90709	0.300736	1.475694
2076	-981.759	-1208.245	226.4857	0.734644	12.90709	0.295334	2.206058
2082	-975.7215	-1202.536	226.8148	0.8471328	12.90709	0.4380599	1.711659
2088	-972.8945	-1199.79	226.8952	0.8327174	9.240161	0.4153621	2.059002
2094	-972.9236	-1200.446	227.5227	0.9478114	9.240161	0.5347107	1.387995
2100	-968.1361	-1194.839	226.7024	0.9826441	20.14262	0.3737223	1.211592
2106	-965.3333	-1192.891	227.5581	1.174193	10.6717	0.4550132	1.088752
2112	-973.069	-1200.189	227.1198	1.174193	10.69721	0.6397742	1.217989
2118	-979.1654	-1206.855	227.6896	1.08984	9.707396	0.5358106	1.05875
2124	-979.436	-1207.123	227.6865	1.347589	10.09786	0.3586421	1.060613
2130	-981.0218	-1207.795	226.7731	1.103085	19.72235	0.2619258	1.293132
2136	-987.9012	-1214.769	226.8674	1.072921	19.72235	0.3936607	0.9730092
2142	-986.7823	-1213.559	226.777	1.097422	19.72235	0.3613308	1.099405
2148	-973.0618	-1200.052	226.9901	1.098671	17.07662	0.3725446	1.109946
2154	-972.2116	-1199.423	227.2119	1.062329	12.74625	0.3361224	1.424844
2160	-973.2069	-1200.13	226.9231	0.9451136	17.01628	0.2215534	1.57799
2166	-979.1903	-1205.463	226.2724	1.189343	29.63786	0.226063	1.102332
2172	-978.4209	-1205.874	227.4527	1.176432	14.09884	0.3055045	1.041831
2178	-976.6943	-1203.967	227.2727	1.308244	15.37572	0.3344374	0.8722705
2184	-977.4344	-1203.703	226.269	1.325603	28.05007	0.3547713	0.7177392
2190	-974.7928	-1201.992	227.1989	1.275905	15.6637	0.4292401	0.7177392
2196	-978.7981	-1204.857	226.0592	1.424324	27.11471	0.4583358	0.6736188
2202	-980.869	-1207.8	226.931	1.248713	17.82202	0.4261775	0.8318658
2208	-981.0774	-1208.098	227.0207	1.22097	14.66407	0.4202062	1.120889
2214	-980.3772	-1207.479	227.1013	1.108976	17.43638	0.3017915	1.106201
2220	-986.7719	-1213.558	226.7865	0.8747769	17.43638	0.3713932	1.435678
2226	-978.1165	-1205.339	227.2228	1.176342	17.43638	0.2373133	1.080692
2232	-978.5188	-1206.137	227.6178	1.114417	11.38774	0.367241	1.145369
2238	-997.7962	-1224.947	227.1503	1.166021	11.38774	0.8727028	0.8070373
2244	-991.0701	-1218.706	227.6355	1.528361	11.09494	0.3756479	0.6847551
2250	-987.9523	-1214.149	226.1969	0.9258213	19.95885	0.2905191	1.785712
2256	-983.126	-1209.832	226.7056	0.9762243	18.01671	0.1880112	1.712636
2262	-973.3169	-1200.417	227.0999	1.109861	17.68721	0.2635319	1.167538
2268	-968.666	-1195.655	226.9887	1.170501	19.83458	0.2858355	0.9769385
2274	-969.6378	-1196.836	227.1982	0.9058688	16.20764	0.3268728	1.257253
2280	-974.4992	-1201.87	227.3706	1.050491	12.56283	0.4815938	1.09081
2286	-971.2369	-1198.527	227.2905	1.181945	12.72906	0.4214217	1.121832
2292	-977.0849	-1204.615	227.5299	1.254544	9.733508	0.3915888	1.272061
2298	-991.4194	-1218.871	227.4518	1.08999	12.42893	0.3205313	1.272061
2304	-985.7954	-1212.616	226.8203	0.9936837	13.86694	0.2040518	1.893749
2310	-985.1266	-1212.36	227.2334	0.8986594	11.17994	0.3050675	1.735344
2316	-988.2677	-1215.382	227.1148	0.8781934	11.81714	0.3272014	1.735344
2322	-967.1452	-1193.964	226.8187	1.531288	18.51511	0.3321833	0.7681949
2328	-976.1497	-1203.393	227.2432	1.709836	13.68612	0.315275	0.6803054
2334	-969.9474	-1197.416	227.4683	1.363381	11.22204	0.5052354	0.8055546
2340	-972.1669	-1198.936	226.7689	1.481497	16.81444	0.4973719	0.6922873
2346	-970.2586	-1197.373	227.1139	1.481497	14.70418	0.4416999	0.648369
2352	-971.0888	-1198.755	227.6664	1.481497	11.49145	0.3828066	0.5115631
2358	-976.465	-1203.279	226.8138	1.724656	15.95764	0.4177214	0.4884659
2364	-976.5435	-1203.558	227.0144	1.687241	11.87725	0.604702	0.4073781
2370	-976.7043	-1203.934	227.2293	1.687241	13.00596	0.390847	0.4195658
2376	-979.2679	-1206.803	227.5348	1.687241	11.47199	0.3442357	0.5665946
2382	-980.4042	-1207.552	227.1475	1.631911	17.44604	0.2397113	0.5394047
2388	-971.3676	-1197.927	226.5596	1.611815	24.42094	0.2453497	0.5522738
2394	-976.7964	-1203.654	226.8576	1.24196	22.65244	0.2971123	0.7317497
2400	-964.8654	-1192.119	227.2533	1.052589	15.00598	0.3243695	1.201351
2406	-965.101	-1192.153	227.0519	1.052589	14.45791	0.4584898	1.201351
2412	-962.3415	-1189.392	227.0502	0.8833771	13.25771	0.3541102	1.602485
2418	-970.029	-1197.571	227.5422	0.970025	8.684397	0.405219	1.597583
2424	-976.4394	-1203.777	227.3378	1.117828	7.451114	0.5703876	1.605089
2430	-983.0405	-1210.24	227.1994	1.018678	7.80124	0.6596933	1.634468
2436	-985.2865	-1212.262	226.9756	1.101721	7.718854	0.5925321	1.811761
2442	-978.5947	-1205.819	227.2243	1.361315	14.80144	0.2892369	1.042351
2448	-978.7881	-1205.631	226.8424	1.144717	14.55945	0.3087268	1.521862
2454	-970.8492	-1197.708	226.8584	1.006569	16.46076	0.2196193	1.625493
2460	-980.0548	-1206.592	226.5368	1.007188	21.16354	0.1578234	1.680945
2466	-988.5416	-1215.191	226.6497	0.8621841	27.75384	0.28011	1.036762
2472	-979.1736	-1206.467	227.2937	1.061585	14.39506	0.2431475	1.378553
2478	-976.3361	-1202.907	226.5711	0.8604496	21.77566	0.2431475	1.540242
2484	-978.5277	-1205.162	226.6345	0.9544862	21.77566	0.1562046	1.616441
2490	-974.65	-1201.831	227.1815	0.8796568	13.74306	0.2889699	1.572168
2496	-980.1275	-1206.946	226.8187	0.9787921	15.24092	0.2661067	1.678425
2502	-981.2862	-1208.223	226.9372	0.9058661	12.81736	0.3365201	1.733442
2508	-983.8592	-1211.069	227.2097	0.8881276	12.18351	0.2629081	1.733442
2514	-967.5763	-1194.424	226.8475	0.9484107	16.61375	0.2705109	1.566102
2520	-967.1931	-1194.081	226.8875	0.8868663	14.44832	0.4380294	1.494335
2526	-971.1232	-1197.586	226.4633	0.964619	18.53196	0.2783977	1.682453
2532	-970.7333	-1196.796	226.0624	0.9818011	19.07203	0.2388119	1.982016
2538	-970.1082	-1196.579	226.4712	0.7071966	16.67411	0.2038593	2.111339
2544	-978.7043	-1204.957	226.2523	0.6685128	16.67411	0.1490436	2.390395
2550	-977.8863	-1204.359	226.473	0.8556813	18.37287	0.2133794	1.881475
2556	-981.39	-1207.794	226.4042	0.9121168	13.93073	0.2671606	2.106246
2562	-979.321	-1206.142	226.8213	1.034478	21.96265	0.2560712	1.163308
2568	-975.5394	-1202.127	226.5881	0.8709304	23.50776	0.2018644	1.504723
2574	-988.7957	-1215.144	226.3481	0.9731686	21.75742	0.193338	1.722973
2580	-993.0632	-1220.016	226.9527	0.8116301	6.915805	0.4336313	2.299234
2586	-979.6453	-1206.785	227.1396	0.8333907	8.462124	0.5302707	1.852545
2592	-976.4885	-1203.656	227.1677	0.8333907	10.14788	0.3864386	1.813261
2598	-972.6214	-1199.835	227.2134	1.081903	8.217058	0.5021621	1.690959
2604	-970.6294	-1197.964	227.3346	1.051195	13.16064	0.3836861	1.213124
2610	-979.3333	-1206.864	227.5307	0.9502363	10.55962	0.5285352	1.21693
2616	-975.7756	-1202.564	226.7884	1.055702	11.32908	0.3951312	1.788673
2622	-974.3867	-1201.12	226.7332	0.9141615	12.47964	0.3253338	1.915209
2628	-970.9876	-1197.708	226.7201	0.9888526	12.93837	0.4389614	1.674387
2634	-978.6065	-1205.422	226.8152	1.07386	14.39905	0.5011406	1.325258
2640	-974.2534	-1201.404	227.1507	1.175698	13.33398	0.3691646	1.269287
2646	-981.5369	-1209.586	228.0492	1.302824	9.308294	0.3002017	1.000435
2652	-975.9354	-1202.53	226.5946	1.083529	20.58053	0.4119855	1.119196
2658	-971.1317	-1197.82	226.6881	0.9641508	20.58053	0.2918629	1.354153
2664	-967.4764	-1194.34	226.864	0.9630247	21.86383	0.1826642	1.366343
2670	-978.3445	-1206.109	227.7645	1.196495	9.187913	0.2964162	1.366343
2676	-972.611	-1199.609	226.998	1.119657	10.87442	0.4951185	1.510383
2682	-965.9672	-1193.507	227.5403	1.065978	11.76138	0.3234311	1.287363
2688	-963.4142	-1190.641	227.2266	0.8652721	7.957958	0.5298654	1.835766
2694	-956.1394	-1183.578	227.4385	0.9615051	9.766744	0.3120076	1.686303
2700	-960.5322	-1187.501	226.9691	0.9851873	9.766744	0.4027484	1.864977
2706	-970.9272	-1197.705	226.7779	0.7749359	13.0243	0.2235698	2.099604
2712	-970.8754	-1197.955	227.0798	0.8541595	9.802103	0.4172677	1.856175
2718	-968.6199	-1195.643	227.0232	1.046266	7.998442	0.4545452	1.931555
2724	-967.7827	-1194.852	227.0698	0.9832332	7.998442	0.4014719	2.008095
2730	-978.0799	-1205.594	227.5144	0.903085	6.995488	0.6184822	1.649827
2736	-969.5586	-1196.911	227.3527	1.053546	7.822134	0.5153968	1.649827
2742	-976.7024	-1203.986	227.2836	0.8750474	14.47605	0.2900019	1.432453
2748	-982.9867	-1210.093	227.1067	1.027291	14.47605	0.3004723	1.432453
2754	-975.711	-1203.105	227.3936	0.908347	10.13956	0.324773	1.693777
2760	-984.7594	-1212.044	227.285	0.9298831	8.901375	0.5334197	1.624426
2766	-979.9262	-1207.198	227.2719	0.8915807	9.378499	0.490465	1.653334
2772	-974.4158	-1201.555	227.1394	0.9401199	9.004422	0.9324916	1.327322
2778	-970.8669	-1198.058	227.1911	1.100598	13.4394	0.5313727	1.031226
2784	-969.9571	-1196.8	226.8428	1.167911	17.41094	0.4672898	0.9832244
2790	-974.6757	-1202.221	227.5449	1.096571	11.50772	0.3182143	1.296828
2796	-967.3277	-1194.45	227.1219	1.248879	16.16577	0.3872761	0.8911455
2802	-979.0971	-1206.451	227.3535	1.103846	8.747889	0.6286962	1.355024
2808	-978.843	-1206.01	227.1671	1.081827	9.881518	0.349726	1.721853
2814	-983.0009	-1210.599	227.5982	1.116245	9.158751	0.2809622	1.584622
2820	-974.7008	-1202.492	227.7909	1.136845	9.453819	0.5082237	0.9977792
2826	-985.6177	-1213.262	227.6441	1.22143	10.01435	0.4616432	1.047226
2832	-981.2916	-1207.905	226.6133	0.8240327	13.75257	0.2692152	2.037137
2838	-973.5605	-1200.336	226.7756	1.035963	19.89067	0.2191065	1.423386
2844	-977.0745	-1203.435	226.3604	0.8180069	20.5854	0.2173373	1.84101
2850	-979.5654	-1206.167	226.6011	0.9757934	15.05339	0.1820785	2.006212
2856	-964.5925	-1191.377	226.7843	1.03894	22.35137	0.2657952	1.142703
2862	-978.074	-1204.561	226.487	1.143296	25.53003	0.3156619	0.9876704
2868	-965.0804	-1192.193	227.1125	1.042045	15.08629	0.3727116	1.235404
2874	-965.6136	-1192.392	226.7785	1.070202	19.5034	0.2660263	1.322794
2880	-968.4608	-1195.406	226.9454	1.02813	18.17349	0.2660263	1.320869
2886	-967.8288	-1194.382	226.5533	0.964445	22.77205	0.1866148	1.537792
2892	-977.4047	-1203.952	226.5476	1.079181	25.52168	0.1866148	1.295021
2898	-967.9479	-1194.766	226.8185	1.079181	20.92238	0.2441467	1.227722
2904	-968.6325	-1194.858	226.2259	1.077933	29.48445	0.1772644	1.366008
2910	-974.8504	-1201.287	226.4365	1.054106	24.59436	0.1772644	1.476962
2916	-977.6383	-1203.913	226.2743	1.142405	29.78394	0.2726343	1.020918
2922	-973.8448	-1200.216	226.3713	1.023625	29.78394	0.191456	1.240793
2928	-971.6315	-1197.905	226.2738	1.207775	29.78394	0.2245266	1.079577
2934	-966.5639	-1193.52	226.956	1.218858	18.57739	0.346402	0.9366788
2940	-968.2794	-1195.257	226.9773	1.163816	21.34011	0.3041908	0.8006707
2946	-969.4626	-1195.714	226.2516	1.113548	31.70018	0.3433784	0.7600984
2952	-966.4729	-1192.534	226.0607	1.436763	38.21238	0.164229	0.7413459
2958	-967.4144	-1193.502	226.0873	1.040329	39.26263	0.1636021	1.097602
2964	-959.6551	-1186.558	226.9024	1.040329	23.58704	0.2141013	1.072756
2970	-965.7556	-1192.486	226.7308	0.8633539	17.90272	0.3735338	1.449085
2976	-970.4354	-1197.423	226.9879	1.210415	17.71682	0.3074402	1.079977
2982	-968.4826	-1195.468	226.9853	1.07077	15.78119	0.5446631	0.9780384
2988	-963.3799	-1190.907	227.527	0.85955	9.773014	0.5446631	1.372902
2994	-966.6381	-1193.601	226.9632	1.063017	12.73843	0.5446631	1.321576
3000	-968.2498	-1195.438	227.1879	1.055546	11.63861	0.3756799	1.497814
3006	-978.4856	-1205.917	227.4316	1.06139	11.13447	0.2291515	1.618894
3012	-969.8393	-1197.187	227.3479	0.8709043	10.96683	0.3692951	1.596133
3018	-970.5021	-1197.706	227.2041	1.126631	12.83073	0.3360216	1.372642
3024	-972.7848	-1199.762	226.9776	0.8060227	12.98352	0.2824368	1.845838
3030	-972.748	-1199.801	227.053	0.8729339	10.80809	0.3509409	1.845838
3036	-982.2676	-1209.073	226.8059	0.9184716	12.04982	0.3874225	1.813073
3042	-981.292	-1207.862	226.57	0.8229114	17.11934	0.2065663	1.933652
3048	-976.9602	-1204.024	227.0638	0.8805413	13.90159	0.2193554	1.770844
3054	-975.8719	-1202.569	226.697	0.9316758	13.90159	0.477995	1.597554
3060	-978.6014	-1205.332	226.7306	0.9801318	13.48309	0.477995	1.574538
3066	-974.3742	-1202.244	227.8695	1.132328	8.010264	0.4835434	1.202064
3072	-972.2893	-1199.612	227.3223	0.848526	10.33184	0.3735237	1.692645
3078	-975.5575	-1202.823	227.2656	0.8415262	10.33184	0.5154591	1.553788
3084	-980.1907	-1207.834	227.6434	0.8415262	10.33184	0.562671	1.197751
3090	-979.7281	-1207.198	227.4694	1.004325	9.817046	0.4631223	1.404105
3096	-976.2314	-1203.618	227.3866	1.049085	10.53136	0.4226096	1.404105
3102	-974.1368	-1202.149	228.0125	1.119108	7.913588	0.577169	0.9590983
3108	-979.4246	-1206.745	227.3203	0.9876949	11.43938	0.6064747	1.15376
3114	-976.9647	-1204.472	227.5075	1.026215	11.43938	0.5194688	1.069043
3120	-968.7785	-1196.044	227.2656	1.026215	11.40133	0.4711758	1.349222
3126	-971.1978	-1198.563	227.3651	1.130865	11.40133	0.4102231	1.273243
3132	-963.8851	-1191.047	227.1621	1.060021	14.38233	0.4102231	1.183381
3138	-969.6464	-1197.311	227.6649	1.254448	8.544951	0.4246205	1.275746
3144	-984.0378	-1210.988	226.9504	0.9430026	12.92389	0.2495848	1.83246
3150	-988.3558	-1214.994	226.6378	0.9246398	20.58916	0.2154866	1.572724
3156	-977.3257	-1203.654	226.3278	1.037458	22.57704	0.151219	1.742416
3162	-986.9238	-1213.477	226.5535	1.165008	25.86893	0.2232178	1.102395
3168	-981.8893	-1209.014	227.125	1.155831	18.47374	0.3505136	0.8140431
3174	-982.4991	-1209.372	226.8726	1.411246	19.5312	0.3485465	0.6655783
3180	-965.7042	-1192.795	227.0906	1.502069	15.71722	0.3839524	0.6479304
3186	-964.3177	-1191.818	227.5001	1.471601	13.91607	0.2860089	0.7186165
3192	-970.2358	-1197.456	227.2203	1.585507	17.8751	0.2128528	0.5722047
3198	-960.9524	-1187.52	226.5676	1.696437	23.42128	0.2404974	0.5136138
3204	-965.5544	-1191.978	226.424	1.592597	23.69872	0.3346688	0.5136138
3210	-965.4155	-1192.354	226.9388	1.59274	16.67046	0.3817542	0.5348469
3216	-975.0739	-1201.997	226.9231	1.651606	18.35227	0.2864437	0.5323353
3222	-977.0297	-1204.304	227.274	1.475978	16.58535	0.2864437	0.5133242
3228	-981.5764	-1208.2	226.6232	1.321308	19.50809	0.4128649	0.9500616
3234	-978.346	-1205.324	226.9782	1.321308	19.99623	0.2736091	0.8377512
3240	-971.1711	-1198.407	227.2359	1.153435	12.84048	0.4727588	1.100953
3246	-965.1125	-1192.471	227.3583	1.279661	13.48236	0.3188026	1.075089
3252	-969.4689	-1196.937	227.4683	1.174171	13.0153	0.3432823	1.075089
3258	-974.5093	-1201.799	227.2898	1.283472	18.6078	0.2025997	0.8891108
3264	-979.7986	-1206.654	226.8558	1.385284	20.91049	0.2359335	0.9270941
3270	-971.8984	-1199.669	227.7708	1.166975	9.155875	0.4236932	1.171375
3276	-970.7999	-1198.365	227.5646	1.213122	9.139007	0.4889171	1.212644
3282	-978.4411	-1205.954	227.5129	1.087174	9.604231	0.495345	1.287237
3288	-976.413	-1203.831	227.418	1.13993	9.80583	0.4100497	1.414996
3294	-977.9058	-1204.786	226.8806	1.079171	14.22014	0.5027509	1.282676
3300	-985.4269	-1212.374	226.9475	1.07511	16.58751	0.5171779	0.9703486
3306	-969.7096	-1196.512	226.8021	1.187495	16.08436	0.5265574	1.040373
3312	-972.022	-1199.191	227.169	1.297747	15.97013	0.2607779	1.099637
3318	-979.8363	-1206.73	226.8935	1.155739	16.94235	0.3783295	1.147181
3324	-980.2315	-1207.382	227.1508	1.214187	13.43379	0.3783295	1.211129
3330	-981.4016	-1208.746	227.3448	1.183491	13.43379	0.3024245	1.211129
3336	-981.1988	-1208.886	227.6868	1.183491	10.28182	0.3336811	1.22805
3342	-976.6511	-1204.158	227.5067	1.183491	12.36537	0.2757948	1.242744
3348	-972.1403	-1199.518	227.3775	1.246064	13.93879	0.345061	0.979513
3354	-976.812	-1204.539	227.7271	1.127493	11.69369	0.25377	1.227439
3360	-987.9616	-1215.739	227.7776	1.3893	9.172643	0.4359446	0.9273216
3366	-980.4587	-1208.198	227.7389	1.551968	11.44499	0.2651207	0.794857
3372	-981.5872	-1208.755	227.1675	1.489115	15.65336	0.3575681	0.6399236
3378	-987.1305	-1214.246	227.1157	1.489115	18.17893	0.2687859	0.6362548
3384	-972.5266	-1198.503	225.9764	1.202533	38.15042	0.1520048	1.136703
3390	-972.9269	-1199.046	226.119	1.215004	32.39947	0.2440647	1.020287
3396	-967.7554	-1194.28	226.5249	1.155971	26.17094	0.2766456	0.983816
3402	-974.2148	-1200.967	226.7521	1.306591	24.97982	0.235372	0.7636398
3408	-974.8806	-1201.317	226.4366	1.385275	22.47347	0.427864	0.7636398
3414	-977.3747	-1204.677	227.302	1.363287	13.89466	0.4281237	0.7370217
3420	-971.162	-1198.32	227.1583	1.23431	13.81098	0.5825281	0.7783518
3426	-966.1341	-1193.164	227.0298	1.396899	13.49159	0.551732	0.8451509
3432	-962.6861	-1189.872	227.1864	1.396899	11.37555	0.4597957	1.123844
3438	-964.4998	-1191.78	227.2806	1.364862	15.96382	0.2947329	0.826014
3444	-972.177	-1199.115	226.9381	1.364862	16.88181	0.3912432	0.875308
3450	-976.7556	-1204.028	227.2725	1.640081	12.56479	0.3912432	0.7181148
3456	-972.5343	-1199.548	227.0136	1.589711	16.51006	0.3446998	0.6155442
3462	-977.8975	-1204.909	227.0113	1.624155	17.01545	0.3035321	0.6349611
3468	-978.9126	-1205.772	226.8594	1.545285	16.58453	0.4386955	0.6326167
3474	-980.8089	-1208.207	227.3976	1.450266	14.65829	0.2924663	0.7527891
3480	-981.2362	-1208.261	227.0246	0.9490626	9.365705	0.3846073	1.920423
3486	-994.024	-1220.731	226.7071	0.7056408	10.89003	0.3769489	2.144787
3492	-983.0201	-1209.906	226.886	0.8175915	13.43796	0.3451803	1.76371
3498	-979.7357	-1207.05	227.3142	0.9317102	9.589459	0.3451803	1.76371
3504	-982.5851	-1209.655	227.0695	1.11488	11.18906	0.2659628	1.76371
3510	-978.8596	-1205.553	226.6933	1.116207	13.84437	0.2471249	1.81656
3516	-976.1943	-1203.434	227.2394	0.9698851	9.488527	0.3853762	1.743268
3522	-965.9148	-1193.27	227.3549	1.195567	10.35326	0.5634123	1.136582
3528	-971.7213	-1199.214	227.493	1.266797	14.20572	0.3235427	0.8453724
3534	-973.7499	-1201.464	227.7139	1.26148	9.250112	0.4352576	1.104673
3540	-970.8627	-1198.287	227.4241	1.130578	11.95256	0.2619555	1.4231
3546	-981.7543	-1208.749	226.9942	0.9968992	14.20623	0.3350378	1.505727
3552	-973.6028	-1200.404	226.8012	0.8306029	10.08422	0.342131	2.128461
3558	-977.6594	-1204.316	226.6563	0.7950872	9.00757	0.4136445	2.26672
3564	-983.6599	-1210.997	227.3371	0.7146179	8.83838	0.5383963	1.742694
3570	-999.4721	-1225.852	226.3797	0.7021324	9.181651	0.3712865	2.53365
3576	-992.6755	-1219.199	226.524	0.7525469	9.181651	0.4072836	2.366962
3582	-987.4662	-1214.542	227.0759	0.7652683	8.904854	0.5892802	1.827188
3588	-987.1943	-1214.028	226.8334	0.9144192	14.26361	0.3584994	1.642651
3594	-980.7195	-1207.84	227.121	0.9183309	15.03939	0.3065292	1.445351
3600	-969.6615	-1196.748	227.0863	1.122075	16.51496	0.3714766	1.053818
3606	-975.2315	-1202.251	227.0198	1.025077	16.51496	0.3212741	1.289993
3612	-964.8864	-1191.793	226.9069	0.9196407	15.72508	0.356056	1.467747
3618	-965.0968	-1192.268	227.1713	0.9674321	10.40678	0.4998839	1.540813
3624	-965.1156	-1192.042	226.9267	1.091885	13.02789	0.7496054	1.05033
3630	-968.1168	-1195.132	227.0156	1.07579	15.63038	0.5905518	0.8822944
